{"/home/thapelo/Pictures/eWits/client/src/App.js": {"path":"/home/thapelo/Pictures/eWits/client/src/App.js","statementMap":{"0":{"start":{"line":19,"column":2},"end":{"line":37,"column":4}}},"fnMap":{"0":{"name":"App","decl":{"start":{"line":18,"column":9},"end":{"line":18,"column":12}},"loc":{"start":{"line":18,"column":15},"end":{"line":38,"column":1}},"line":18}},"branchMap":{},"s":{"0":0},"f":{"0":0},"b":{}}
,"/home/thapelo/Pictures/eWits/client/src/index.js": {"path":"/home/thapelo/Pictures/eWits/client/src/index.js","statementMap":{"0":{"start":{"line":6,"column":13},"end":{"line":6,"column":56}},"1":{"start":{"line":8,"column":0},"end":{"line":18,"column":2}}},"fnMap":{},"branchMap":{},"s":{"0":0,"1":0},"f":{},"b":{}}
,"/home/thapelo/Pictures/eWits/client/src/Pages/Calendar/Calendar.js": {"path":"/home/thapelo/Pictures/eWits/client/src/Pages/Calendar/Calendar.js","statementMap":{"0":{"start":{"line":5,"column":17},"end":{"line":14,"column":1}},"1":{"start":{"line":6,"column":4},"end":{"line":13,"column":6}}},"fnMap":{"0":{"name":"(anonymous_0)","decl":{"start":{"line":5,"column":17},"end":{"line":5,"column":18}},"loc":{"start":{"line":5,"column":23},"end":{"line":14,"column":1}},"line":5}},"branchMap":{},"s":{"0":1,"1":3},"f":{"0":3},"b":{},"_coverageSchema":"1a1c01bbd47fc00a2c39e90264f33305004495a9","hash":"eb33cea34646130348bd414de2e17719e0c89d2b"}
,"/home/thapelo/Pictures/eWits/client/src/Pages/CreateEvent/CreateEvent.js": {"path":"/home/thapelo/Pictures/eWits/client/src/Pages/CreateEvent/CreateEvent.js","statementMap":{"0":{"start":{"line":5,"column":20},"end":{"line":13,"column":1}},"1":{"start":{"line":6,"column":4},"end":{"line":12,"column":11}}},"fnMap":{"0":{"name":"(anonymous_0)","decl":{"start":{"line":5,"column":20},"end":{"line":5,"column":21}},"loc":{"start":{"line":5,"column":26},"end":{"line":13,"column":1}},"line":5}},"branchMap":{},"s":{"0":1,"1":3},"f":{"0":3},"b":{},"_coverageSchema":"1a1c01bbd47fc00a2c39e90264f33305004495a9","hash":"bb6d7d3fedd4cc95d1551d17bc714fca66d23092"}
,"/home/thapelo/Pictures/eWits/client/src/Pages/EventDetails/EventDetails.js": {"path":"/home/thapelo/Pictures/eWits/client/src/Pages/EventDetails/EventDetails.js","statementMap":{"0":{"start":{"line":5,"column":21},"end":{"line":14,"column":1}},"1":{"start":{"line":6,"column":4},"end":{"line":13,"column":6}}},"fnMap":{"0":{"name":"(anonymous_0)","decl":{"start":{"line":5,"column":21},"end":{"line":5,"column":22}},"loc":{"start":{"line":5,"column":27},"end":{"line":14,"column":1}},"line":5}},"branchMap":{},"s":{"0":1,"1":3},"f":{"0":3},"b":{},"_coverageSchema":"1a1c01bbd47fc00a2c39e90264f33305004495a9","hash":"f46d32ba71e31894b2c3394a70126866d6eab210"}
,"/home/thapelo/Pictures/eWits/client/src/Pages/EventDetailsCard/EventDetailsCard.js": {"path":"/home/thapelo/Pictures/eWits/client/src/Pages/EventDetailsCard/EventDetailsCard.js","statementMap":{"0":{"start":{"line":5,"column":25},"end":{"line":17,"column":1}},"1":{"start":{"line":7,"column":2},"end":{"line":16,"column":4}}},"fnMap":{"0":{"name":"(anonymous_0)","decl":{"start":{"line":5,"column":25},"end":{"line":5,"column":26}},"loc":{"start":{"line":5,"column":31},"end":{"line":17,"column":1}},"line":5}},"branchMap":{},"s":{"0":1,"1":3},"f":{"0":3},"b":{},"_coverageSchema":"1a1c01bbd47fc00a2c39e90264f33305004495a9","hash":"c63352290534665c4c02fbad56eb3a42e338532f"}
,"/home/thapelo/Pictures/eWits/client/src/Pages/Home/Home.js": {"path":"/home/thapelo/Pictures/eWits/client/src/Pages/Home/Home.js","statementMap":{"0":{"start":{"line":10,"column":13},"end":{"line":57,"column":1}},"1":{"start":{"line":12,"column":18},"end":{"line":25,"column":7}},"2":{"start":{"line":27,"column":4},"end":{"line":56,"column":6}},"3":{"start":{"line":44,"column":28},"end":{"line":49,"column":34}}},"fnMap":{"0":{"name":"(anonymous_0)","decl":{"start":{"line":10,"column":13},"end":{"line":10,"column":14}},"loc":{"start":{"line":10,"column":19},"end":{"line":57,"column":1}},"line":10},"1":{"name":"(anonymous_1)","decl":{"start":{"line":43,"column":36},"end":{"line":43,"column":37}},"loc":{"start":{"line":43,"column":44},"end":{"line":50,"column":25}},"line":43}},"branchMap":{},"s":{"0":1,"1":6,"2":6,"3":72},"f":{"0":6,"1":72},"b":{},"_coverageSchema":"1a1c01bbd47fc00a2c39e90264f33305004495a9","hash":"a9edd9030fc1d84bb95b09bd3539da664fdb8a83"}
,"/home/thapelo/Pictures/eWits/client/src/Pages/Landing/Landing.js": {"path":"/home/thapelo/Pictures/eWits/client/src/Pages/Landing/Landing.js","statementMap":{"0":{"start":{"line":15,"column":20},"end":{"line":113,"column":1}},"1":{"start":{"line":16,"column":17},"end":{"line":16,"column":32}},"2":{"start":{"line":18,"column":2},"end":{"line":112,"column":4}},"3":{"start":{"line":56,"column":18},"end":{"line":63,"column":26}}},"fnMap":{"0":{"name":"(anonymous_0)","decl":{"start":{"line":15,"column":20},"end":{"line":15,"column":21}},"loc":{"start":{"line":15,"column":26},"end":{"line":113,"column":1}},"line":15},"1":{"name":"(anonymous_1)","decl":{"start":{"line":55,"column":22},"end":{"line":55,"column":23}},"loc":{"start":{"line":56,"column":18},"end":{"line":63,"column":26}},"line":56}},"branchMap":{},"s":{"0":1,"1":29,"2":29,"3":0},"f":{"0":29,"1":0},"b":{},"_coverageSchema":"1a1c01bbd47fc00a2c39e90264f33305004495a9","hash":"166108ec2d41e5ce6b93f3d9e49327e7e2ed2104"}
,"/home/thapelo/Pictures/eWits/client/src/Pages/MyEvents/MyEvents.js": {"path":"/home/thapelo/Pictures/eWits/client/src/Pages/MyEvents/MyEvents.js","statementMap":{"0":{"start":{"line":5,"column":17},"end":{"line":26,"column":1}},"1":{"start":{"line":6,"column":4},"end":{"line":25,"column":6}}},"fnMap":{"0":{"name":"(anonymous_0)","decl":{"start":{"line":5,"column":17},"end":{"line":5,"column":18}},"loc":{"start":{"line":5,"column":23},"end":{"line":26,"column":1}},"line":5}},"branchMap":{},"s":{"0":1,"1":2},"f":{"0":2},"b":{},"_coverageSchema":"1a1c01bbd47fc00a2c39e90264f33305004495a9","hash":"de415e8c633e23007fb26eb7f5ba297e05910d1f"}
,"/home/thapelo/Pictures/eWits/client/src/Pages/NoPage/NoPage.js": {"path":"/home/thapelo/Pictures/eWits/client/src/Pages/NoPage/NoPage.js","statementMap":{"0":{"start":{"line":5,"column":18},"end":{"line":14,"column":1}},"1":{"start":{"line":16,"column":14},"end":{"line":23,"column":1}},"2":{"start":{"line":25,"column":14},"end":{"line":29,"column":1}},"3":{"start":{"line":31,"column":17},"end":{"line":35,"column":1}},"4":{"start":{"line":37,"column":15},"end":{"line":52,"column":1}},"5":{"start":{"line":54,"column":15},"end":{"line":63,"column":1}},"6":{"start":{"line":55,"column":2},"end":{"line":62,"column":4}},"7":{"start":{"line":60,"column":29},"end":{"line":60,"column":55}}},"fnMap":{"0":{"name":"(anonymous_0)","decl":{"start":{"line":54,"column":15},"end":{"line":54,"column":16}},"loc":{"start":{"line":54,"column":21},"end":{"line":63,"column":1}},"line":54},"1":{"name":"(anonymous_1)","decl":{"start":{"line":60,"column":23},"end":{"line":60,"column":24}},"loc":{"start":{"line":60,"column":29},"end":{"line":60,"column":55}},"line":60}},"branchMap":{},"s":{"0":1,"1":1,"2":1,"3":1,"4":1,"5":1,"6":4,"7":1},"f":{"0":4,"1":1},"b":{},"_coverageSchema":"1a1c01bbd47fc00a2c39e90264f33305004495a9","hash":"b399c2a11efbb88acc0134f447d2f526185f4b56"}
,"/home/thapelo/Pictures/eWits/client/src/Pages/Nofications/Notifications.js": {"path":"/home/thapelo/Pictures/eWits/client/src/Pages/Nofications/Notifications.js","statementMap":{"0":{"start":{"line":5,"column":2},"end":{"line":12,"column":3}}},"fnMap":{"0":{"name":"notifications","decl":{"start":{"line":4,"column":9},"end":{"line":4,"column":22}},"loc":{"start":{"line":4,"column":27},"end":{"line":13,"column":1}},"line":4}},"branchMap":{},"s":{"0":0},"f":{"0":0},"b":{}}
,"/home/thapelo/Pictures/eWits/client/src/Pages/Tickets/Tickets.js": {"path":"/home/thapelo/Pictures/eWits/client/src/Pages/Tickets/Tickets.js","statementMap":{"0":{"start":{"line":6,"column":2},"end":{"line":13,"column":3}}},"fnMap":{"0":{"name":"tickets","decl":{"start":{"line":5,"column":9},"end":{"line":5,"column":16}},"loc":{"start":{"line":5,"column":20},"end":{"line":14,"column":1}},"line":5}},"branchMap":{},"s":{"0":3},"f":{"0":3},"b":{},"_coverageSchema":"1a1c01bbd47fc00a2c39e90264f33305004495a9","hash":"f79a14f7108aeb0b5956e233759250db765b889e"}
,"/home/thapelo/Pictures/eWits/client/src/Requests/events.js": {"path":"/home/thapelo/Pictures/eWits/client/src/Requests/events.js","statementMap":{"0":{"start":{"line":3,"column":20},"end":{"line":14,"column":1}},"1":{"start":{"line":4,"column":19},"end":{"line":12,"column":67}},"2":{"start":{"line":10,"column":8},"end":{"line":10,"column":28}},"3":{"start":{"line":12,"column":20},"end":{"line":12,"column":66}},"4":{"start":{"line":13,"column":4},"end":{"line":13,"column":61}},"5":{"start":{"line":16,"column":18},"end":{"line":23,"column":1}},"6":{"start":{"line":17,"column":25},"end":{"line":21,"column":6}},"7":{"start":{"line":22,"column":4},"end":{"line":22,"column":18}},"8":{"start":{"line":25,"column":21},"end":{"line":32,"column":1}},"9":{"start":{"line":26,"column":25},"end":{"line":30,"column":6}},"10":{"start":{"line":31,"column":4},"end":{"line":31,"column":18}}},"fnMap":{"0":{"name":"(anonymous_0)","decl":{"start":{"line":3,"column":20},"end":{"line":3,"column":21}},"loc":{"start":{"line":3,"column":32},"end":{"line":14,"column":1}},"line":3},"1":{"name":"(anonymous_1)","decl":{"start":{"line":9,"column":10},"end":{"line":9,"column":11}},"loc":{"start":{"line":9,"column":22},"end":{"line":11,"column":5}},"line":9},"2":{"name":"(anonymous_2)","decl":{"start":{"line":12,"column":11},"end":{"line":12,"column":12}},"loc":{"start":{"line":12,"column":20},"end":{"line":12,"column":66}},"line":12},"3":{"name":"(anonymous_3)","decl":{"start":{"line":16,"column":18},"end":{"line":16,"column":19}},"loc":{"start":{"line":16,"column":37},"end":{"line":23,"column":1}},"line":16},"4":{"name":"(anonymous_4)","decl":{"start":{"line":25,"column":21},"end":{"line":25,"column":22}},"loc":{"start":{"line":25,"column":40},"end":{"line":32,"column":1}},"line":25}},"branchMap":{},"s":{"0":5,"1":0,"2":0,"3":0,"4":0,"5":5,"6":0,"7":0,"8":5,"9":0,"10":0},"f":{"0":0,"1":0,"2":0,"3":0,"4":0},"b":{},"_coverageSchema":"1a1c01bbd47fc00a2c39e90264f33305004495a9","hash":"9d14c565ab169a40f25bb8e6231411af26e2fdc9"}
,"/home/thapelo/Pictures/eWits/client/src/Requests/users.js": {"path":"/home/thapelo/Pictures/eWits/client/src/Requests/users.js","statementMap":{"0":{"start":{"line":3,"column":23},"end":{"line":12,"column":1}},"1":{"start":{"line":4,"column":17},"end":{"line":4,"column":47}},"2":{"start":{"line":5,"column":23},"end":{"line":5,"column":41}},"3":{"start":{"line":6,"column":24},"end":{"line":10,"column":6}},"4":{"start":{"line":11,"column":4},"end":{"line":11,"column":40}}},"fnMap":{"0":{"name":"(anonymous_0)","decl":{"start":{"line":3,"column":23},"end":{"line":3,"column":24}},"loc":{"start":{"line":3,"column":42},"end":{"line":12,"column":1}},"line":3}},"branchMap":{},"s":{"0":0,"1":0,"2":0,"3":0,"4":0},"f":{"0":0},"b":{}}
,"/home/thapelo/Pictures/eWits/client/src/components/RegisterEvent.js": {"path":"/home/thapelo/Pictures/eWits/client/src/components/RegisterEvent.js","statementMap":{"0":{"start":{"line":7,"column":22},"end":{"line":14,"column":1}},"1":{"start":{"line":16,"column":18},"end":{"line":20,"column":1}},"2":{"start":{"line":22,"column":18},"end":{"line":24,"column":1}},"3":{"start":{"line":26,"column":14},"end":{"line":31,"column":1}},"4":{"start":{"line":33,"column":14},"end":{"line":39,"column":1}},"5":{"start":{"line":41,"column":15},"end":{"line":53,"column":1}},"6":{"start":{"line":55,"column":22},"end":{"line":136,"column":1}},"7":{"start":{"line":56,"column":22},"end":{"line":56,"column":33}},"8":{"start":{"line":57,"column":34},"end":{"line":62,"column":4}},"9":{"start":{"line":64,"column":2},"end":{"line":66,"column":16}},"10":{"start":{"line":65,"column":4},"end":{"line":65,"column":38}},"11":{"start":{"line":68,"column":23},"end":{"line":70,"column":3}},"12":{"start":{"line":69,"column":4},"end":{"line":69,"column":66}},"13":{"start":{"line":72,"column":23},"end":{"line":86,"column":3}},"14":{"start":{"line":73,"column":4},"end":{"line":73,"column":23}},"15":{"start":{"line":75,"column":4},"end":{"line":85,"column":5}},"16":{"start":{"line":77,"column":6},"end":{"line":81,"column":9}},"17":{"start":{"line":82,"column":6},"end":{"line":82,"column":40}},"18":{"start":{"line":84,"column":6},"end":{"line":84,"column":54}},"19":{"start":{"line":88,"column":2},"end":{"line":135,"column":4}}},"fnMap":{"0":{"name":"(anonymous_0)","decl":{"start":{"line":55,"column":22},"end":{"line":55,"column":23}},"loc":{"start":{"line":55,"column":28},"end":{"line":136,"column":1}},"line":55},"1":{"name":"(anonymous_1)","decl":{"start":{"line":64,"column":12},"end":{"line":64,"column":13}},"loc":{"start":{"line":64,"column":18},"end":{"line":66,"column":3}},"line":64},"2":{"name":"(anonymous_2)","decl":{"start":{"line":68,"column":23},"end":{"line":68,"column":24}},"loc":{"start":{"line":68,"column":30},"end":{"line":70,"column":3}},"line":68},"3":{"name":"(anonymous_3)","decl":{"start":{"line":72,"column":23},"end":{"line":72,"column":24}},"loc":{"start":{"line":72,"column":36},"end":{"line":86,"column":3}},"line":72}},"branchMap":{},"s":{"0":1,"1":1,"2":1,"3":1,"4":1,"5":1,"6":1,"7":5,"8":5,"9":5,"10":5,"11":5,"12":0,"13":5,"14":2,"15":2,"16":2,"17":1,"18":1,"19":5},"f":{"0":5,"1":5,"2":0,"3":2},"b":{},"_coverageSchema":"1a1c01bbd47fc00a2c39e90264f33305004495a9","hash":"8de76a76df76157ed5a27998c7a551c24347955b"}
,"/home/thapelo/Pictures/eWits/client/src/components/createdEvent.js": {"path":"/home/thapelo/Pictures/eWits/client/src/components/createdEvent.js","statementMap":{"0":{"start":{"line":6,"column":4},"end":{"line":6,"column":28}},"1":{"start":{"line":7,"column":4},"end":{"line":7,"column":28}},"2":{"start":{"line":9,"column":23},"end":{"line":12,"column":5}},"3":{"start":{"line":14,"column":23},"end":{"line":14,"column":64}},"4":{"start":{"line":15,"column":25},"end":{"line":15,"column":68}},"5":{"start":{"line":16,"column":21},"end":{"line":16,"column":62}},"6":{"start":{"line":17,"column":23},"end":{"line":17,"column":66}},"7":{"start":{"line":19,"column":17},"end":{"line":19,"column":76}},"8":{"start":{"line":20,"column":17},"end":{"line":20,"column":92}},"9":{"start":{"line":22,"column":4},"end":{"line":22,"column":24}},"10":{"start":{"line":25,"column":22},"end":{"line":55,"column":1}},"11":{"start":{"line":27,"column":26},"end":{"line":50,"column":5}},"12":{"start":{"line":28,"column":23},"end":{"line":28,"column":25}},"13":{"start":{"line":29,"column":8},"end":{"line":29,"column":28}},"14":{"start":{"line":30,"column":21},"end":{"line":30,"column":63}},"15":{"start":{"line":31,"column":8},"end":{"line":31,"column":36}},"16":{"start":{"line":32,"column":21},"end":{"line":32,"column":65}},"17":{"start":{"line":33,"column":8},"end":{"line":47,"column":9}},"18":{"start":{"line":33,"column":21},"end":{"line":33,"column":22}},"19":{"start":{"line":34,"column":26},"end":{"line":42,"column":13}},"20":{"start":{"line":44,"column":12},"end":{"line":46,"column":13}},"21":{"start":{"line":45,"column":16},"end":{"line":45,"column":35}},"22":{"start":{"line":48,"column":8},"end":{"line":48,"column":43}},"23":{"start":{"line":49,"column":8},"end":{"line":49,"column":22}},"24":{"start":{"line":52,"column":4},"end":{"line":54,"column":6}}},"fnMap":{"0":{"name":"stringifyDate","decl":{"start":{"line":5,"column":9},"end":{"line":5,"column":22}},"loc":{"start":{"line":5,"column":37},"end":{"line":23,"column":1}},"line":5},"1":{"name":"(anonymous_1)","decl":{"start":{"line":25,"column":22},"end":{"line":25,"column":23}},"loc":{"start":{"line":25,"column":28},"end":{"line":55,"column":1}},"line":25},"2":{"name":"(anonymous_2)","decl":{"start":{"line":27,"column":26},"end":{"line":27,"column":27}},"loc":{"start":{"line":27,"column":38},"end":{"line":50,"column":5}},"line":27}},"branchMap":{"0":{"loc":{"start":{"line":44,"column":12},"end":{"line":46,"column":13}},"type":"if","locations":[{"start":{"line":44,"column":12},"end":{"line":46,"column":13}},{"start":{},"end":{}}],"line":44}},"s":{"0":0,"1":0,"2":0,"3":0,"4":0,"5":0,"6":0,"7":0,"8":0,"9":0,"10":1,"11":0,"12":0,"13":0,"14":0,"15":0,"16":0,"17":0,"18":0,"19":0,"20":0,"21":0,"22":0,"23":0,"24":0},"f":{"0":0,"1":0,"2":0},"b":{"0":[0,0]},"_coverageSchema":"1a1c01bbd47fc00a2c39e90264f33305004495a9","hash":"3a43307ac02f0893710d19716b93ca04eeaa3f29"}
,"/home/thapelo/Pictures/eWits/client/src/components/detailsCard.js": {"path":"/home/thapelo/Pictures/eWits/client/src/components/detailsCard.js","statementMap":{"0":{"start":{"line":7,"column":22},"end":{"line":14,"column":1}},"1":{"start":{"line":16,"column":18},"end":{"line":21,"column":1}},"2":{"start":{"line":23,"column":18},"end":{"line":25,"column":1}},"3":{"start":{"line":27,"column":14},"end":{"line":32,"column":1}},"4":{"start":{"line":34,"column":13},"end":{"line":37,"column":1}},"5":{"start":{"line":39,"column":21},"end":{"line":44,"column":1}},"6":{"start":{"line":46,"column":15},"end":{"line":58,"column":1}},"7":{"start":{"line":60,"column":19},"end":{"line":65,"column":1}},"8":{"start":{"line":61,"column":2},"end":{"line":61,"column":24}},"9":{"start":{"line":62,"column":16},"end":{"line":62,"column":56}},"10":{"start":{"line":63,"column":18},"end":{"line":63,"column":60}},"11":{"start":{"line":64,"column":2},"end":{"line":64,"column":31}},"12":{"start":{"line":67,"column":19},"end":{"line":76,"column":1}},"13":{"start":{"line":68,"column":2},"end":{"line":68,"column":24}},"14":{"start":{"line":69,"column":2},"end":{"line":71,"column":3}},"15":{"start":{"line":70,"column":4},"end":{"line":70,"column":14}},"16":{"start":{"line":72,"column":15},"end":{"line":72,"column":33}},"17":{"start":{"line":73,"column":16},"end":{"line":73,"column":60}},"18":{"start":{"line":74,"column":14},"end":{"line":74,"column":53}},"19":{"start":{"line":75,"column":2},"end":{"line":75,"column":35}},"20":{"start":{"line":78,"column":20},"end":{"line":190,"column":1}},"21":{"start":{"line":79,"column":22},"end":{"line":79,"column":33}},"22":{"start":{"line":80,"column":34},"end":{"line":80,"column":46}},"23":{"start":{"line":81,"column":19},"end":{"line":81,"column":32}},"24":{"start":{"line":83,"column":16},"end":{"line":90,"column":3}},"25":{"start":{"line":84,"column":18},"end":{"line":88,"column":6}},"26":{"start":{"line":89,"column":4},"end":{"line":89,"column":22}},"27":{"start":{"line":92,"column":2},"end":{"line":109,"column":16}},"28":{"start":{"line":93,"column":30},"end":{"line":106,"column":5}},"29":{"start":{"line":94,"column":27},"end":{"line":94,"column":47}},"30":{"start":{"line":95,"column":29},"end":{"line":104,"column":7}},"31":{"start":{"line":105,"column":6},"end":{"line":105,"column":34}},"32":{"start":{"line":108,"column":4},"end":{"line":108,"column":24}},"33":{"start":{"line":111,"column":30},"end":{"line":113,"column":3}},"34":{"start":{"line":112,"column":4},"end":{"line":112,"column":44}},"35":{"start":{"line":115,"column":2},"end":{"line":189,"column":4}}},"fnMap":{"0":{"name":"(anonymous_0)","decl":{"start":{"line":60,"column":19},"end":{"line":60,"column":20}},"loc":{"start":{"line":60,"column":29},"end":{"line":65,"column":1}},"line":60},"1":{"name":"(anonymous_1)","decl":{"start":{"line":67,"column":19},"end":{"line":67,"column":20}},"loc":{"start":{"line":67,"column":29},"end":{"line":76,"column":1}},"line":67},"2":{"name":"(anonymous_2)","decl":{"start":{"line":78,"column":20},"end":{"line":78,"column":21}},"loc":{"start":{"line":78,"column":26},"end":{"line":190,"column":1}},"line":78},"3":{"name":"(anonymous_3)","decl":{"start":{"line":83,"column":16},"end":{"line":83,"column":17}},"loc":{"start":{"line":83,"column":35},"end":{"line":90,"column":3}},"line":83},"4":{"name":"(anonymous_4)","decl":{"start":{"line":92,"column":12},"end":{"line":92,"column":13}},"loc":{"start":{"line":92,"column":18},"end":{"line":109,"column":3}},"line":92},"5":{"name":"(anonymous_5)","decl":{"start":{"line":93,"column":30},"end":{"line":93,"column":31}},"loc":{"start":{"line":93,"column":42},"end":{"line":106,"column":5}},"line":93},"6":{"name":"(anonymous_6)","decl":{"start":{"line":111,"column":30},"end":{"line":111,"column":31}},"loc":{"start":{"line":111,"column":36},"end":{"line":113,"column":3}},"line":111}},"branchMap":{"0":{"loc":{"start":{"line":69,"column":2},"end":{"line":71,"column":3}},"type":"if","locations":[{"start":{"line":69,"column":2},"end":{"line":71,"column":3}},{"start":{},"end":{}}],"line":69},"1":{"loc":{"start":{"line":119,"column":9},"end":{"line":123,"column":9}},"type":"cond-expr","locations":[{"start":{"line":120,"column":10},"end":{"line":120,"column":67}},{"start":{"line":122,"column":10},"end":{"line":122,"column":41}}],"line":119},"2":{"loc":{"start":{"line":128,"column":15},"end":{"line":128,"column":37}},"type":"binary-expr","locations":[{"start":{"line":128,"column":15},"end":{"line":128,"column":28}},{"start":{"line":128,"column":32},"end":{"line":128,"column":37}}],"line":128},"3":{"loc":{"start":{"line":133,"column":15},"end":{"line":133,"column":44}},"type":"binary-expr","locations":[{"start":{"line":133,"column":15},"end":{"line":133,"column":35}},{"start":{"line":133,"column":39},"end":{"line":133,"column":44}}],"line":133},"4":{"loc":{"start":{"line":138,"column":15},"end":{"line":138,"column":43}},"type":"binary-expr","locations":[{"start":{"line":138,"column":15},"end":{"line":138,"column":34}},{"start":{"line":138,"column":38},"end":{"line":138,"column":43}}],"line":138},"5":{"loc":{"start":{"line":143,"column":15},"end":{"line":143,"column":43}},"type":"binary-expr","locations":[{"start":{"line":143,"column":15},"end":{"line":143,"column":34}},{"start":{"line":143,"column":38},"end":{"line":143,"column":43}}],"line":143},"6":{"loc":{"start":{"line":148,"column":15},"end":{"line":148,"column":43}},"type":"binary-expr","locations":[{"start":{"line":148,"column":15},"end":{"line":148,"column":34}},{"start":{"line":148,"column":38},"end":{"line":148,"column":43}}],"line":148},"7":{"loc":{"start":{"line":153,"column":15},"end":{"line":153,"column":41}},"type":"binary-expr","locations":[{"start":{"line":153,"column":15},"end":{"line":153,"column":32}},{"start":{"line":153,"column":36},"end":{"line":153,"column":41}}],"line":153},"8":{"loc":{"start":{"line":158,"column":15},"end":{"line":158,"column":41}},"type":"binary-expr","locations":[{"start":{"line":158,"column":15},"end":{"line":158,"column":32}},{"start":{"line":158,"column":36},"end":{"line":158,"column":41}}],"line":158},"9":{"loc":{"start":{"line":163,"column":15},"end":{"line":163,"column":41}},"type":"binary-expr","locations":[{"start":{"line":163,"column":15},"end":{"line":163,"column":32}},{"start":{"line":163,"column":36},"end":{"line":163,"column":41}}],"line":163},"10":{"loc":{"start":{"line":168,"column":15},"end":{"line":168,"column":41}},"type":"binary-expr","locations":[{"start":{"line":168,"column":15},"end":{"line":168,"column":32}},{"start":{"line":168,"column":36},"end":{"line":168,"column":41}}],"line":168},"11":{"loc":{"start":{"line":173,"column":15},"end":{"line":173,"column":42}},"type":"binary-expr","locations":[{"start":{"line":173,"column":15},"end":{"line":173,"column":33}},{"start":{"line":173,"column":37},"end":{"line":173,"column":42}}],"line":173},"12":{"loc":{"start":{"line":178,"column":15},"end":{"line":178,"column":41}},"type":"binary-expr","locations":[{"start":{"line":178,"column":15},"end":{"line":178,"column":32}},{"start":{"line":178,"column":36},"end":{"line":178,"column":41}}],"line":178},"13":{"loc":{"start":{"line":183,"column":15},"end":{"line":183,"column":38}},"type":"binary-expr","locations":[{"start":{"line":183,"column":15},"end":{"line":183,"column":29}},{"start":{"line":183,"column":33},"end":{"line":183,"column":38}}],"line":183}},"s":{"0":1,"1":1,"2":1,"3":1,"4":1,"5":1,"6":1,"7":1,"8":16,"9":16,"10":16,"11":16,"12":1,"13":16,"14":16,"15":0,"16":16,"17":16,"18":16,"19":16,"20":1,"21":16,"22":16,"23":15,"24":15,"25":9,"26":8,"27":15,"28":9,"29":9,"30":8,"31":8,"32":9,"33":15,"34":1,"35":15},"f":{"0":16,"1":16,"2":16,"3":9,"4":9,"5":9,"6":1},"b":{"0":[0,16],"1":[6,9],"2":[15,9],"3":[15,9],"4":[15,9],"5":[15,9],"6":[15,9],"7":[15,9],"8":[15,9],"9":[15,9],"10":[15,9],"11":[15,9],"12":[15,9],"13":[15,9]},"_coverageSchema":"1a1c01bbd47fc00a2c39e90264f33305004495a9","hash":"ade60f9df54d38406ecc5ec979102921c65d9546"}
,"/home/thapelo/Pictures/eWits/client/src/components/displayEvents.js": {"path":"/home/thapelo/Pictures/eWits/client/src/components/displayEvents.js","statementMap":{"0":{"start":{"line":6,"column":22},"end":{"line":48,"column":1}},"1":{"start":{"line":7,"column":32},"end":{"line":7,"column":44}},"2":{"start":{"line":8,"column":34},"end":{"line":8,"column":48}},"3":{"start":{"line":10,"column":32},"end":{"line":14,"column":5}},"4":{"start":{"line":11,"column":32},"end":{"line":11,"column":54}},"5":{"start":{"line":12,"column":8},"end":{"line":12,"column":35}},"6":{"start":{"line":13,"column":8},"end":{"line":13,"column":26}},"7":{"start":{"line":16,"column":4},"end":{"line":25,"column":11}},"8":{"start":{"line":17,"column":31},"end":{"line":17,"column":82}},"9":{"start":{"line":19,"column":8},"end":{"line":24,"column":9}},"10":{"start":{"line":20,"column":12},"end":{"line":20,"column":34}},"11":{"start":{"line":23,"column":12},"end":{"line":23,"column":33}},"12":{"start":{"line":26,"column":4},"end":{"line":47,"column":5}},"13":{"start":{"line":27,"column":8},"end":{"line":27,"column":44}},"14":{"start":{"line":30,"column":8},"end":{"line":46,"column":10}},"15":{"start":{"line":33,"column":20},"end":{"line":43,"column":26}}},"fnMap":{"0":{"name":"(anonymous_0)","decl":{"start":{"line":6,"column":22},"end":{"line":6,"column":23}},"loc":{"start":{"line":6,"column":52},"end":{"line":48,"column":1}},"line":6},"1":{"name":"(anonymous_1)","decl":{"start":{"line":10,"column":32},"end":{"line":10,"column":33}},"loc":{"start":{"line":10,"column":44},"end":{"line":14,"column":5}},"line":10},"2":{"name":"(anonymous_2)","decl":{"start":{"line":16,"column":14},"end":{"line":16,"column":15}},"loc":{"start":{"line":16,"column":20},"end":{"line":25,"column":5}},"line":16},"3":{"name":"(anonymous_3)","decl":{"start":{"line":32,"column":28},"end":{"line":32,"column":29}},"loc":{"start":{"line":33,"column":20},"end":{"line":43,"column":26}},"line":33}},"branchMap":{"0":{"loc":{"start":{"line":19,"column":8},"end":{"line":24,"column":9}},"type":"if","locations":[{"start":{"line":19,"column":8},"end":{"line":24,"column":9}},{"start":{"line":22,"column":12},"end":{"line":24,"column":9}}],"line":19},"1":{"loc":{"start":{"line":26,"column":4},"end":{"line":47,"column":5}},"type":"if","locations":[{"start":{"line":26,"column":4},"end":{"line":47,"column":5}},{"start":{"line":29,"column":8},"end":{"line":47,"column":5}}],"line":26}},"s":{"0":6,"1":44,"2":44,"3":44,"4":16,"5":14,"6":14,"7":44,"8":20,"9":16,"10":2,"11":14,"12":44,"13":20,"14":24,"15":3},"f":{"0":44,"1":16,"2":20,"3":3},"b":{"0":[2,14],"1":[20,24]},"_coverageSchema":"1a1c01bbd47fc00a2c39e90264f33305004495a9","hash":"a9a0cc285509f928fb980e3784d3cf033d3d21d9"}
,"/home/thapelo/Pictures/eWits/client/src/components/eventCalendar.js": {"path":"/home/thapelo/Pictures/eWits/client/src/components/eventCalendar.js","statementMap":{"0":{"start":{"line":8,"column":18},"end":{"line":8,"column":41}},"1":{"start":{"line":10,"column":26},"end":{"line":17,"column":1}},"2":{"start":{"line":19,"column":20},"end":{"line":26,"column":1}},"3":{"start":{"line":28,"column":19},"end":{"line":32,"column":1}},"4":{"start":{"line":34,"column":19},"end":{"line":39,"column":1}},"5":{"start":{"line":41,"column":22},"end":{"line":63,"column":1}},"6":{"start":{"line":42,"column":25},"end":{"line":42,"column":27}},"7":{"start":{"line":43,"column":2},"end":{"line":61,"column":66}},"8":{"start":{"line":48,"column":20},"end":{"line":48,"column":33}},"9":{"start":{"line":50,"column":4},"end":{"line":59,"column":5}},"10":{"start":{"line":50,"column":17},"end":{"line":50,"column":18}},"11":{"start":{"line":51,"column":28},"end":{"line":57,"column":7}},"12":{"start":{"line":58,"column":6},"end":{"line":58,"column":41}},"13":{"start":{"line":61,"column":18},"end":{"line":61,"column":64}},"14":{"start":{"line":62,"column":2},"end":{"line":62,"column":24}},"15":{"start":{"line":65,"column":22},"end":{"line":187,"column":1}},"16":{"start":{"line":66,"column":30},"end":{"line":66,"column":42}},"17":{"start":{"line":67,"column":30},"end":{"line":67,"column":42}},"18":{"start":{"line":68,"column":38},"end":{"line":68,"column":54}},"19":{"start":{"line":69,"column":46},"end":{"line":69,"column":58}},"20":{"start":{"line":71,"column":2},"end":{"line":95,"column":9}},"21":{"start":{"line":72,"column":24},"end":{"line":80,"column":5}},"22":{"start":{"line":73,"column":6},"end":{"line":79,"column":7}},"23":{"start":{"line":74,"column":27},"end":{"line":74,"column":48}},"24":{"start":{"line":75,"column":8},"end":{"line":75,"column":30}},"25":{"start":{"line":76,"column":8},"end":{"line":76,"column":78}},"26":{"start":{"line":78,"column":8},"end":{"line":78,"column":55}},"27":{"start":{"line":82,"column":27},"end":{"line":82,"column":78}},"28":{"start":{"line":84,"column":4},"end":{"line":86,"column":5}},"29":{"start":{"line":85,"column":6},"end":{"line":85,"column":51}},"30":{"start":{"line":88,"column":25},"end":{"line":88,"column":66}},"31":{"start":{"line":90,"column":4},"end":{"line":94,"column":5}},"32":{"start":{"line":91,"column":6},"end":{"line":91,"column":42}},"33":{"start":{"line":93,"column":6},"end":{"line":93,"column":20}},"34":{"start":{"line":97,"column":2},"end":{"line":116,"column":35}},"35":{"start":{"line":99,"column":21},"end":{"line":114,"column":6}},"36":{"start":{"line":100,"column":6},"end":{"line":112,"column":7}},"37":{"start":{"line":101,"column":8},"end":{"line":101,"column":72}},"38":{"start":{"line":102,"column":13},"end":{"line":112,"column":7}},"39":{"start":{"line":103,"column":8},"end":{"line":106,"column":10}},"40":{"start":{"line":107,"column":13},"end":{"line":112,"column":7}},"41":{"start":{"line":108,"column":8},"end":{"line":108,"column":72}},"42":{"start":{"line":110,"column":11},"end":{"line":112,"column":7}},"43":{"start":{"line":111,"column":8},"end":{"line":111,"column":75}},"44":{"start":{"line":113,"column":6},"end":{"line":113,"column":18}},"45":{"start":{"line":115,"column":4},"end":{"line":115,"column":32}},"46":{"start":{"line":118,"column":2},"end":{"line":186,"column":4}},"47":{"start":{"line":127,"column":28},"end":{"line":127,"column":49}},"48":{"start":{"line":137,"column":28},"end":{"line":137,"column":48}},"49":{"start":{"line":147,"column":28},"end":{"line":147,"column":49}},"50":{"start":{"line":157,"column":28},"end":{"line":157,"column":53}},"51":{"start":{"line":166,"column":23},"end":{"line":166,"column":48}},"52":{"start":{"line":180,"column":32},"end":{"line":180,"column":50}},"53":{"start":{"line":182,"column":10},"end":{"line":182,"column":70}}},"fnMap":{"0":{"name":"(anonymous_0)","decl":{"start":{"line":41,"column":22},"end":{"line":41,"column":23}},"loc":{"start":{"line":41,"column":34},"end":{"line":63,"column":1}},"line":41},"1":{"name":"(anonymous_1)","decl":{"start":{"line":48,"column":8},"end":{"line":48,"column":9}},"loc":{"start":{"line":48,"column":20},"end":{"line":48,"column":33}},"line":48},"2":{"name":"(anonymous_2)","decl":{"start":{"line":49,"column":8},"end":{"line":49,"column":9}},"loc":{"start":{"line":49,"column":16},"end":{"line":60,"column":3}},"line":49},"3":{"name":"(anonymous_3)","decl":{"start":{"line":61,"column":9},"end":{"line":61,"column":10}},"loc":{"start":{"line":61,"column":18},"end":{"line":61,"column":64}},"line":61},"4":{"name":"(anonymous_4)","decl":{"start":{"line":65,"column":22},"end":{"line":65,"column":23}},"loc":{"start":{"line":65,"column":28},"end":{"line":187,"column":1}},"line":65},"5":{"name":"(anonymous_5)","decl":{"start":{"line":71,"column":12},"end":{"line":71,"column":13}},"loc":{"start":{"line":71,"column":18},"end":{"line":95,"column":3}},"line":71},"6":{"name":"(anonymous_6)","decl":{"start":{"line":72,"column":24},"end":{"line":72,"column":25}},"loc":{"start":{"line":72,"column":36},"end":{"line":80,"column":5}},"line":72},"7":{"name":"(anonymous_7)","decl":{"start":{"line":97,"column":12},"end":{"line":97,"column":13}},"loc":{"start":{"line":97,"column":18},"end":{"line":116,"column":3}},"line":97},"8":{"name":"(anonymous_8)","decl":{"start":{"line":99,"column":35},"end":{"line":99,"column":36}},"loc":{"start":{"line":99,"column":44},"end":{"line":114,"column":5}},"line":99},"9":{"name":"(anonymous_9)","decl":{"start":{"line":127,"column":22},"end":{"line":127,"column":23}},"loc":{"start":{"line":127,"column":28},"end":{"line":127,"column":49}},"line":127},"10":{"name":"(anonymous_10)","decl":{"start":{"line":137,"column":22},"end":{"line":137,"column":23}},"loc":{"start":{"line":137,"column":28},"end":{"line":137,"column":48}},"line":137},"11":{"name":"(anonymous_11)","decl":{"start":{"line":147,"column":22},"end":{"line":147,"column":23}},"loc":{"start":{"line":147,"column":28},"end":{"line":147,"column":49}},"line":147},"12":{"name":"(anonymous_12)","decl":{"start":{"line":157,"column":22},"end":{"line":157,"column":23}},"loc":{"start":{"line":157,"column":28},"end":{"line":157,"column":53}},"line":157},"13":{"name":"(anonymous_13)","decl":{"start":{"line":166,"column":18},"end":{"line":166,"column":19}},"loc":{"start":{"line":166,"column":23},"end":{"line":166,"column":48}},"line":166},"14":{"name":"(anonymous_14)","decl":{"start":{"line":180,"column":23},"end":{"line":180,"column":24}},"loc":{"start":{"line":180,"column":32},"end":{"line":180,"column":50}},"line":180},"15":{"name":"(anonymous_15)","decl":{"start":{"line":181,"column":22},"end":{"line":181,"column":23}},"loc":{"start":{"line":182,"column":10},"end":{"line":182,"column":70}},"line":182}},"branchMap":{"0":{"loc":{"start":{"line":84,"column":4},"end":{"line":86,"column":5}},"type":"if","locations":[{"start":{"line":84,"column":4},"end":{"line":86,"column":5}},{"start":{},"end":{}}],"line":84},"1":{"loc":{"start":{"line":90,"column":4},"end":{"line":94,"column":5}},"type":"if","locations":[{"start":{"line":90,"column":4},"end":{"line":94,"column":5}},{"start":{"line":92,"column":11},"end":{"line":94,"column":5}}],"line":90},"2":{"loc":{"start":{"line":100,"column":6},"end":{"line":112,"column":7}},"type":"if","locations":[{"start":{"line":100,"column":6},"end":{"line":112,"column":7}},{"start":{"line":102,"column":13},"end":{"line":112,"column":7}}],"line":100},"3":{"loc":{"start":{"line":102,"column":13},"end":{"line":112,"column":7}},"type":"if","locations":[{"start":{"line":102,"column":13},"end":{"line":112,"column":7}},{"start":{"line":107,"column":13},"end":{"line":112,"column":7}}],"line":102},"4":{"loc":{"start":{"line":107,"column":13},"end":{"line":112,"column":7}},"type":"if","locations":[{"start":{"line":107,"column":13},"end":{"line":112,"column":7}},{"start":{"line":110,"column":11},"end":{"line":112,"column":7}}],"line":107},"5":{"loc":{"start":{"line":110,"column":11},"end":{"line":112,"column":7}},"type":"if","locations":[{"start":{"line":110,"column":11},"end":{"line":112,"column":7}},{"start":{},"end":{}}],"line":110},"6":{"loc":{"start":{"line":163,"column":14},"end":{"line":163,"column":52}},"type":"cond-expr","locations":[{"start":{"line":163,"column":37},"end":{"line":163,"column":43}},{"start":{"line":163,"column":46},"end":{"line":163,"column":52}}],"line":163}},"s":{"0":1,"1":1,"2":1,"3":1,"4":1,"5":1,"6":1,"7":1,"8":1,"9":1,"10":1,"11":2,"12":2,"13":0,"14":1,"15":1,"16":11,"17":10,"18":10,"19":10,"20":10,"21":9,"22":1,"23":1,"24":1,"25":1,"26":0,"27":9,"28":1,"29":1,"30":1,"31":1,"32":0,"33":1,"34":10,"35":1,"36":0,"37":0,"38":0,"39":0,"40":0,"41":0,"42":0,"43":0,"44":0,"45":1,"46":10,"47":0,"48":0,"49":0,"50":0,"51":0,"52":0,"53":0},"f":{"0":1,"1":1,"2":1,"3":0,"4":11,"5":9,"6":1,"7":1,"8":0,"9":0,"10":0,"11":0,"12":0,"13":0,"14":0,"15":0},"b":{"0":[1,0],"1":[0,1],"2":[0,0],"3":[0,0],"4":[0,0],"5":[0,0],"6":[0,10]},"_coverageSchema":"1a1c01bbd47fc00a2c39e90264f33305004495a9","hash":"60fa987857035d3ad54ee59134e94f62d1eb7b9a"}
,"/home/thapelo/Pictures/eWits/client/src/components/eventDetails.js": {"path":"/home/thapelo/Pictures/eWits/client/src/components/eventDetails.js","statementMap":{"0":{"start":{"line":8,"column":22},"end":{"line":14,"column":44}},"1":{"start":{"line":17,"column":18},"end":{"line":21,"column":29}},"2":{"start":{"line":24,"column":18},"end":{"line":25,"column":25}},"3":{"start":{"line":28,"column":14},"end":{"line":32,"column":21}},"4":{"start":{"line":35,"column":14},"end":{"line":44,"column":4}},"5":{"start":{"line":47,"column":17},"end":{"line":57,"column":4}},"6":{"start":{"line":60,"column":15},"end":{"line":71,"column":4}},"7":{"start":{"line":74,"column":21},"end":{"line":78,"column":22}},"8":{"start":{"line":81,"column":15},"end":{"line":90,"column":4}},"9":{"start":{"line":92,"column":14},"end":{"line":99,"column":1}},"10":{"start":{"line":93,"column":16},"end":{"line":97,"column":4}},"11":{"start":{"line":98,"column":2},"end":{"line":98,"column":20}},"12":{"start":{"line":101,"column":24},"end":{"line":120,"column":1}},"13":{"start":{"line":103,"column":16},"end":{"line":103,"column":52}},"14":{"start":{"line":104,"column":14},"end":{"line":104,"column":46}},"15":{"start":{"line":105,"column":2},"end":{"line":118,"column":60}},"16":{"start":{"line":113,"column":6},"end":{"line":113,"column":29}},"17":{"start":{"line":116,"column":6},"end":{"line":116,"column":20}},"18":{"start":{"line":118,"column":20},"end":{"line":118,"column":58}},"19":{"start":{"line":119,"column":2},"end":{"line":119,"column":16}},"20":{"start":{"line":122,"column":19},"end":{"line":133,"column":1}},"21":{"start":{"line":123,"column":2},"end":{"line":123,"column":24}},"22":{"start":{"line":125,"column":16},"end":{"line":125,"column":56}},"23":{"start":{"line":126,"column":18},"end":{"line":126,"column":60}},"24":{"start":{"line":129,"column":15},"end":{"line":129,"column":36}},"25":{"start":{"line":131,"column":2},"end":{"line":131,"column":14}},"26":{"start":{"line":135,"column":19},"end":{"line":151,"column":1}},"27":{"start":{"line":136,"column":2},"end":{"line":136,"column":24}},"28":{"start":{"line":138,"column":2},"end":{"line":140,"column":3}},"29":{"start":{"line":139,"column":4},"end":{"line":139,"column":14}},"30":{"start":{"line":143,"column":15},"end":{"line":143,"column":33}},"31":{"start":{"line":144,"column":16},"end":{"line":144,"column":60}},"32":{"start":{"line":145,"column":14},"end":{"line":145,"column":53}},"33":{"start":{"line":148,"column":24},"end":{"line":148,"column":49}},"34":{"start":{"line":150,"column":2},"end":{"line":150,"column":23}},"35":{"start":{"line":153,"column":25},"end":{"line":562,"column":1}},"36":{"start":{"line":154,"column":24},"end":{"line":154,"column":35}},"37":{"start":{"line":155,"column":38},"end":{"line":155,"column":53}},"38":{"start":{"line":156,"column":36},"end":{"line":156,"column":48}},"39":{"start":{"line":157,"column":36},"end":{"line":160,"column":6}},"40":{"start":{"line":161,"column":32},"end":{"line":161,"column":44}},"41":{"start":{"line":162,"column":23},"end":{"line":175,"column":5}},"42":{"start":{"line":176,"column":4},"end":{"line":211,"column":18}},"43":{"start":{"line":177,"column":32},"end":{"line":202,"column":7}},"44":{"start":{"line":178,"column":29},"end":{"line":178,"column":49}},"45":{"start":{"line":179,"column":8},"end":{"line":179,"column":34}},"46":{"start":{"line":181,"column":31},"end":{"line":197,"column":9}},"47":{"start":{"line":198,"column":8},"end":{"line":198,"column":36}},"48":{"start":{"line":201,"column":8},"end":{"line":201,"column":36}},"49":{"start":{"line":204,"column":26},"end":{"line":207,"column":7}},"50":{"start":{"line":205,"column":27},"end":{"line":205,"column":50}},"51":{"start":{"line":206,"column":8},"end":{"line":206,"column":30}},"52":{"start":{"line":209,"column":6},"end":{"line":209,"column":26}},"53":{"start":{"line":210,"column":6},"end":{"line":210,"column":20}},"54":{"start":{"line":213,"column":25},"end":{"line":240,"column":5}},"55":{"start":{"line":214,"column":30},"end":{"line":214,"column":38}},"56":{"start":{"line":216,"column":6},"end":{"line":239,"column":7}},"57":{"start":{"line":217,"column":31},"end":{"line":217,"column":46}},"58":{"start":{"line":218,"column":8},"end":{"line":224,"column":11}},"59":{"start":{"line":225,"column":13},"end":{"line":239,"column":7}},"60":{"start":{"line":226,"column":30},"end":{"line":226,"column":72}},"61":{"start":{"line":226,"column":51},"end":{"line":226,"column":71}},"62":{"start":{"line":227,"column":8},"end":{"line":233,"column":9}},"63":{"start":{"line":228,"column":10},"end":{"line":232,"column":13}},"64":{"start":{"line":235,"column":8},"end":{"line":238,"column":11}},"65":{"start":{"line":243,"column":29},"end":{"line":249,"column":5}},"66":{"start":{"line":244,"column":19},"end":{"line":244,"column":36}},"67":{"start":{"line":245,"column":6},"end":{"line":248,"column":9}},"68":{"start":{"line":251,"column":23},"end":{"line":253,"column":5}},"69":{"start":{"line":252,"column":6},"end":{"line":252,"column":31}},"70":{"start":{"line":255,"column":25},"end":{"line":329,"column":5}},"71":{"start":{"line":256,"column":6},"end":{"line":256,"column":25}},"72":{"start":{"line":257,"column":22},"end":{"line":257,"column":37}},"73":{"start":{"line":260,"column":6},"end":{"line":274,"column":7}},"74":{"start":{"line":261,"column":28},"end":{"line":261,"column":42}},"75":{"start":{"line":262,"column":8},"end":{"line":262,"column":53}},"76":{"start":{"line":263,"column":8},"end":{"line":273,"column":9}},"77":{"start":{"line":264,"column":27},"end":{"line":268,"column":12}},"78":{"start":{"line":269,"column":10},"end":{"line":269,"column":46}},"79":{"start":{"line":270,"column":10},"end":{"line":270,"column":45}},"80":{"start":{"line":272,"column":10},"end":{"line":272,"column":56}},"81":{"start":{"line":277,"column":141},"end":{"line":277,"column":149}},"82":{"start":{"line":278,"column":27},"end":{"line":278,"column":48}},"83":{"start":{"line":279,"column":27},"end":{"line":279,"column":48}},"84":{"start":{"line":280,"column":25},"end":{"line":280,"column":44}},"85":{"start":{"line":281,"column":25},"end":{"line":281,"column":44}},"86":{"start":{"line":283,"column":20},"end":{"line":302,"column":7}},"87":{"start":{"line":304,"column":6},"end":{"line":328,"column":7}},"88":{"start":{"line":305,"column":29},"end":{"line":312,"column":10}},"89":{"start":{"line":311,"column":12},"end":{"line":311,"column":28}},"90":{"start":{"line":315,"column":24},"end":{"line":315,"column":56}},"91":{"start":{"line":316,"column":23},"end":{"line":316,"column":65}},"92":{"start":{"line":317,"column":8},"end":{"line":323,"column":11}},"93":{"start":{"line":322,"column":12},"end":{"line":322,"column":34}},"94":{"start":{"line":324,"column":8},"end":{"line":324,"column":28}},"95":{"start":{"line":325,"column":8},"end":{"line":325,"column":33}},"96":{"start":{"line":327,"column":8},"end":{"line":327,"column":29}},"97":{"start":{"line":331,"column":25},"end":{"line":346,"column":3}},"98":{"start":{"line":332,"column":6},"end":{"line":332,"column":25}},"99":{"start":{"line":334,"column":6},"end":{"line":344,"column":7}},"100":{"start":{"line":335,"column":27},"end":{"line":340,"column":12}},"101":{"start":{"line":341,"column":10},"end":{"line":341,"column":68}},"102":{"start":{"line":343,"column":10},"end":{"line":343,"column":60}},"103":{"start":{"line":345,"column":6},"end":{"line":345,"column":28}},"104":{"start":{"line":349,"column":2},"end":{"line":561,"column":4}},"105":{"start":{"line":387,"column":14},"end":{"line":389,"column":23}},"106":{"start":{"line":453,"column":14},"end":{"line":455,"column":23}}},"fnMap":{"0":{"name":"(anonymous_0)","decl":{"start":{"line":92,"column":14},"end":{"line":92,"column":15}},"loc":{"start":{"line":92,"column":33},"end":{"line":99,"column":1}},"line":92},"1":{"name":"(anonymous_1)","decl":{"start":{"line":101,"column":24},"end":{"line":101,"column":25}},"loc":{"start":{"line":101,"column":36},"end":{"line":120,"column":1}},"line":101},"2":{"name":"(anonymous_2)","decl":{"start":{"line":112,"column":10},"end":{"line":112,"column":11}},"loc":{"start":{"line":112,"column":22},"end":{"line":114,"column":5}},"line":112},"3":{"name":"(anonymous_3)","decl":{"start":{"line":115,"column":11},"end":{"line":115,"column":12}},"loc":{"start":{"line":115,"column":19},"end":{"line":117,"column":5}},"line":115},"4":{"name":"(anonymous_4)","decl":{"start":{"line":118,"column":11},"end":{"line":118,"column":12}},"loc":{"start":{"line":118,"column":20},"end":{"line":118,"column":58}},"line":118},"5":{"name":"(anonymous_5)","decl":{"start":{"line":122,"column":19},"end":{"line":122,"column":20}},"loc":{"start":{"line":122,"column":29},"end":{"line":133,"column":1}},"line":122},"6":{"name":"(anonymous_6)","decl":{"start":{"line":135,"column":19},"end":{"line":135,"column":20}},"loc":{"start":{"line":135,"column":29},"end":{"line":151,"column":1}},"line":135},"7":{"name":"(anonymous_7)","decl":{"start":{"line":153,"column":25},"end":{"line":153,"column":26}},"loc":{"start":{"line":153,"column":31},"end":{"line":562,"column":1}},"line":153},"8":{"name":"(anonymous_8)","decl":{"start":{"line":176,"column":14},"end":{"line":176,"column":15}},"loc":{"start":{"line":176,"column":20},"end":{"line":211,"column":5}},"line":176},"9":{"name":"(anonymous_9)","decl":{"start":{"line":177,"column":32},"end":{"line":177,"column":33}},"loc":{"start":{"line":177,"column":44},"end":{"line":202,"column":7}},"line":177},"10":{"name":"(anonymous_10)","decl":{"start":{"line":204,"column":26},"end":{"line":204,"column":27}},"loc":{"start":{"line":204,"column":38},"end":{"line":207,"column":7}},"line":204},"11":{"name":"(anonymous_11)","decl":{"start":{"line":213,"column":25},"end":{"line":213,"column":26}},"loc":{"start":{"line":213,"column":32},"end":{"line":240,"column":5}},"line":213},"12":{"name":"(anonymous_12)","decl":{"start":{"line":226,"column":42},"end":{"line":226,"column":43}},"loc":{"start":{"line":226,"column":51},"end":{"line":226,"column":71}},"line":226},"13":{"name":"(anonymous_13)","decl":{"start":{"line":243,"column":29},"end":{"line":243,"column":30}},"loc":{"start":{"line":243,"column":36},"end":{"line":249,"column":5}},"line":243},"14":{"name":"(anonymous_14)","decl":{"start":{"line":251,"column":23},"end":{"line":251,"column":24}},"loc":{"start":{"line":251,"column":29},"end":{"line":253,"column":5}},"line":251},"15":{"name":"(anonymous_15)","decl":{"start":{"line":255,"column":25},"end":{"line":255,"column":26}},"loc":{"start":{"line":255,"column":38},"end":{"line":329,"column":5}},"line":255},"16":{"name":"(anonymous_16)","decl":{"start":{"line":310,"column":17},"end":{"line":310,"column":18}},"loc":{"start":{"line":310,"column":29},"end":{"line":312,"column":9}},"line":310},"17":{"name":"(anonymous_17)","decl":{"start":{"line":321,"column":17},"end":{"line":321,"column":18}},"loc":{"start":{"line":321,"column":29},"end":{"line":323,"column":9}},"line":321},"18":{"name":"(anonymous_18)","decl":{"start":{"line":331,"column":25},"end":{"line":331,"column":26}},"loc":{"start":{"line":331,"column":38},"end":{"line":346,"column":3}},"line":331},"19":{"name":"(anonymous_19)","decl":{"start":{"line":386,"column":28},"end":{"line":386,"column":29}},"loc":{"start":{"line":387,"column":14},"end":{"line":389,"column":23}},"line":387},"20":{"name":"(anonymous_20)","decl":{"start":{"line":452,"column":24},"end":{"line":452,"column":25}},"loc":{"start":{"line":453,"column":14},"end":{"line":455,"column":23}},"line":453}},"branchMap":{"0":{"loc":{"start":{"line":138,"column":2},"end":{"line":140,"column":3}},"type":"if","locations":[{"start":{"line":138,"column":2},"end":{"line":140,"column":3}},{"start":{},"end":{}}],"line":138},"1":{"loc":{"start":{"line":192,"column":18},"end":{"line":196,"column":52}},"type":"cond-expr","locations":[{"start":{"line":192,"column":56},"end":{"line":195,"column":11}},{"start":{"line":195,"column":14},"end":{"line":196,"column":52}}],"line":192},"2":{"loc":{"start":{"line":216,"column":6},"end":{"line":239,"column":7}},"type":"if","locations":[{"start":{"line":216,"column":6},"end":{"line":239,"column":7}},{"start":{"line":225,"column":13},"end":{"line":239,"column":7}}],"line":216},"3":{"loc":{"start":{"line":225,"column":13},"end":{"line":239,"column":7}},"type":"if","locations":[{"start":{"line":225,"column":13},"end":{"line":239,"column":7}},{"start":{"line":234,"column":13},"end":{"line":239,"column":7}}],"line":225},"4":{"loc":{"start":{"line":227,"column":8},"end":{"line":233,"column":9}},"type":"if","locations":[{"start":{"line":227,"column":8},"end":{"line":233,"column":9}},{"start":{},"end":{}}],"line":227},"5":{"loc":{"start":{"line":260,"column":6},"end":{"line":274,"column":7}},"type":"if","locations":[{"start":{"line":260,"column":6},"end":{"line":274,"column":7}},{"start":{},"end":{}}],"line":260},"6":{"loc":{"start":{"line":515,"column":9},"end":{"line":540,"column":9}},"type":"binary-expr","locations":[{"start":{"line":515,"column":9},"end":{"line":515,"column":35}},{"start":{"line":516,"column":12},"end":{"line":539,"column":18}}],"line":515},"7":{"loc":{"start":{"line":553,"column":11},"end":{"line":553,"column":51}},"type":"cond-expr","locations":[{"start":{"line":553,"column":23},"end":{"line":553,"column":36}},{"start":{"line":553,"column":39},"end":{"line":553,"column":51}}],"line":553},"8":{"loc":{"start":{"line":555,"column":9},"end":{"line":555,"column":65}},"type":"binary-expr","locations":[{"start":{"line":555,"column":9},"end":{"line":555,"column":18}},{"start":{"line":555,"column":22},"end":{"line":555,"column":65}}],"line":555},"9":{"loc":{"start":{"line":556,"column":9},"end":{"line":556,"column":81}},"type":"cond-expr","locations":[{"start":{"line":556,"column":22},"end":{"line":556,"column":74}},{"start":{"line":556,"column":77},"end":{"line":556,"column":81}}],"line":556},"10":{"loc":{"start":{"line":559,"column":7},"end":{"line":559,"column":83}},"type":"binary-expr","locations":[{"start":{"line":559,"column":7},"end":{"line":559,"column":22}},{"start":{"line":559,"column":26},"end":{"line":559,"column":83}}],"line":559}},"s":{"0":0,"1":0,"2":0,"3":0,"4":0,"5":0,"6":0,"7":0,"8":0,"9":0,"10":0,"11":0,"12":0,"13":0,"14":0,"15":0,"16":0,"17":0,"18":0,"19":0,"20":0,"21":0,"22":0,"23":0,"24":0,"25":0,"26":0,"27":0,"28":0,"29":0,"30":0,"31":0,"32":0,"33":0,"34":0,"35":0,"36":0,"37":0,"38":0,"39":0,"40":0,"41":0,"42":0,"43":0,"44":0,"45":0,"46":0,"47":0,"48":0,"49":0,"50":0,"51":0,"52":0,"53":0,"54":0,"55":0,"56":0,"57":0,"58":0,"59":0,"60":0,"61":0,"62":0,"63":0,"64":0,"65":0,"66":0,"67":0,"68":0,"69":0,"70":0,"71":0,"72":0,"73":0,"74":0,"75":0,"76":0,"77":0,"78":0,"79":0,"80":0,"81":0,"82":0,"83":0,"84":0,"85":0,"86":0,"87":0,"88":0,"89":0,"90":0,"91":0,"92":0,"93":0,"94":0,"95":0,"96":0,"97":0,"98":0,"99":0,"100":0,"101":0,"102":0,"103":0,"104":0,"105":0,"106":0},"f":{"0":0,"1":0,"2":0,"3":0,"4":0,"5":0,"6":0,"7":0,"8":0,"9":0,"10":0,"11":0,"12":0,"13":0,"14":0,"15":0,"16":0,"17":0,"18":0,"19":0,"20":0},"b":{"0":[0,0],"1":[0,0],"2":[0,0],"3":[0,0],"4":[0,0],"5":[0,0],"6":[0,0],"7":[0,0],"8":[0,0],"9":[0,0],"10":[0,0]}}
,"/home/thapelo/Pictures/eWits/client/src/components/eventForm.js": {"path":"/home/thapelo/Pictures/eWits/client/src/components/eventForm.js","statementMap":{"0":{"start":{"line":7,"column":22},"end":{"line":13,"column":44}},"1":{"start":{"line":16,"column":18},"end":{"line":20,"column":29}},"2":{"start":{"line":23,"column":18},"end":{"line":24,"column":25}},"3":{"start":{"line":27,"column":14},"end":{"line":31,"column":21}},"4":{"start":{"line":34,"column":14},"end":{"line":43,"column":4}},"5":{"start":{"line":46,"column":17},"end":{"line":56,"column":4}},"6":{"start":{"line":59,"column":15},"end":{"line":70,"column":4}},"7":{"start":{"line":73,"column":21},"end":{"line":77,"column":22}},"8":{"start":{"line":80,"column":15},"end":{"line":89,"column":4}},"9":{"start":{"line":92,"column":24},"end":{"line":109,"column":1}},"10":{"start":{"line":94,"column":16},"end":{"line":94,"column":52}},"11":{"start":{"line":95,"column":14},"end":{"line":95,"column":51}},"12":{"start":{"line":96,"column":2},"end":{"line":107,"column":60}},"13":{"start":{"line":103,"column":22},"end":{"line":103,"column":37}},"14":{"start":{"line":105,"column":6},"end":{"line":105,"column":20}},"15":{"start":{"line":107,"column":20},"end":{"line":107,"column":58}},"16":{"start":{"line":108,"column":2},"end":{"line":108,"column":16}},"17":{"start":{"line":111,"column":18},"end":{"line":485,"column":1}},"18":{"start":{"line":112,"column":34},"end":{"line":112,"column":46}},"19":{"start":{"line":113,"column":34},"end":{"line":132,"column":4}},"20":{"start":{"line":134,"column":30},"end":{"line":134,"column":42}},"21":{"start":{"line":135,"column":21},"end":{"line":148,"column":3}},"22":{"start":{"line":151,"column":21},"end":{"line":184,"column":1}},"23":{"start":{"line":152,"column":26},"end":{"line":152,"column":34}},"24":{"start":{"line":154,"column":2},"end":{"line":183,"column":3}},"25":{"start":{"line":155,"column":26},"end":{"line":155,"column":70}},"26":{"start":{"line":155,"column":49},"end":{"line":155,"column":69}},"27":{"start":{"line":156,"column":4},"end":{"line":168,"column":5}},"28":{"start":{"line":157,"column":6},"end":{"line":161,"column":9}},"29":{"start":{"line":163,"column":6},"end":{"line":167,"column":9}},"30":{"start":{"line":169,"column":9},"end":{"line":183,"column":3}},"31":{"start":{"line":170,"column":23},"end":{"line":170,"column":72}},"32":{"start":{"line":171,"column":4},"end":{"line":177,"column":7}},"33":{"start":{"line":179,"column":4},"end":{"line":182,"column":7}},"34":{"start":{"line":187,"column":27},"end":{"line":193,"column":3}},"35":{"start":{"line":188,"column":17},"end":{"line":188,"column":34}},"36":{"start":{"line":189,"column":4},"end":{"line":192,"column":7}},"37":{"start":{"line":196,"column":23},"end":{"line":290,"column":3}},"38":{"start":{"line":197,"column":4},"end":{"line":197,"column":23}},"39":{"start":{"line":198,"column":24},"end":{"line":198,"column":38}},"40":{"start":{"line":199,"column":4},"end":{"line":199,"column":49}},"41":{"start":{"line":201,"column":4},"end":{"line":215,"column":5}},"42":{"start":{"line":202,"column":23},"end":{"line":210,"column":7}},"43":{"start":{"line":211,"column":6},"end":{"line":211,"column":42}},"44":{"start":{"line":212,"column":6},"end":{"line":212,"column":41}},"45":{"start":{"line":214,"column":6},"end":{"line":214,"column":52}},"46":{"start":{"line":218,"column":117},"end":{"line":218,"column":125}},"47":{"start":{"line":219,"column":25},"end":{"line":219,"column":55}},"48":{"start":{"line":220,"column":25},"end":{"line":220,"column":55}},"49":{"start":{"line":221,"column":23},"end":{"line":221,"column":51}},"50":{"start":{"line":222,"column":23},"end":{"line":222,"column":51}},"51":{"start":{"line":224,"column":18},"end":{"line":246,"column":5}},"52":{"start":{"line":250,"column":4},"end":{"line":289,"column":5}},"53":{"start":{"line":251,"column":27},"end":{"line":262,"column":8}},"54":{"start":{"line":261,"column":8},"end":{"line":261,"column":33}},"55":{"start":{"line":264,"column":22},"end":{"line":266,"column":7}},"56":{"start":{"line":267,"column":19},"end":{"line":267,"column":61}},"57":{"start":{"line":269,"column":6},"end":{"line":277,"column":8}},"58":{"start":{"line":278,"column":6},"end":{"line":284,"column":9}},"59":{"start":{"line":283,"column":8},"end":{"line":283,"column":70}},"60":{"start":{"line":285,"column":6},"end":{"line":285,"column":26}},"61":{"start":{"line":286,"column":6},"end":{"line":286,"column":28}},"62":{"start":{"line":288,"column":6},"end":{"line":288,"column":25}},"63":{"start":{"line":292,"column":2},"end":{"line":299,"column":9}},"64":{"start":{"line":293,"column":24},"end":{"line":296,"column":5}},"65":{"start":{"line":294,"column":25},"end":{"line":294,"column":48}},"66":{"start":{"line":295,"column":6},"end":{"line":295,"column":28}},"67":{"start":{"line":298,"column":4},"end":{"line":298,"column":18}},"68":{"start":{"line":301,"column":2},"end":{"line":484,"column":4}},"69":{"start":{"line":331,"column":14},"end":{"line":333,"column":23}},"70":{"start":{"line":387,"column":14},"end":{"line":389,"column":23}}},"fnMap":{"0":{"name":"(anonymous_0)","decl":{"start":{"line":92,"column":24},"end":{"line":92,"column":25}},"loc":{"start":{"line":92,"column":36},"end":{"line":109,"column":1}},"line":92},"1":{"name":"(anonymous_1)","decl":{"start":{"line":103,"column":10},"end":{"line":103,"column":11}},"loc":{"start":{"line":103,"column":22},"end":{"line":103,"column":37}},"line":103},"2":{"name":"(anonymous_2)","decl":{"start":{"line":104,"column":10},"end":{"line":104,"column":11}},"loc":{"start":{"line":104,"column":18},"end":{"line":106,"column":5}},"line":104},"3":{"name":"(anonymous_3)","decl":{"start":{"line":107,"column":11},"end":{"line":107,"column":12}},"loc":{"start":{"line":107,"column":20},"end":{"line":107,"column":58}},"line":107},"4":{"name":"(anonymous_4)","decl":{"start":{"line":111,"column":18},"end":{"line":111,"column":19}},"loc":{"start":{"line":111,"column":24},"end":{"line":485,"column":1}},"line":111},"5":{"name":"(anonymous_5)","decl":{"start":{"line":151,"column":21},"end":{"line":151,"column":22}},"loc":{"start":{"line":151,"column":28},"end":{"line":184,"column":1}},"line":151},"6":{"name":"(anonymous_6)","decl":{"start":{"line":155,"column":38},"end":{"line":155,"column":39}},"loc":{"start":{"line":155,"column":49},"end":{"line":155,"column":69}},"line":155},"7":{"name":"(anonymous_7)","decl":{"start":{"line":187,"column":27},"end":{"line":187,"column":28}},"loc":{"start":{"line":187,"column":34},"end":{"line":193,"column":3}},"line":187},"8":{"name":"(anonymous_8)","decl":{"start":{"line":196,"column":23},"end":{"line":196,"column":24}},"loc":{"start":{"line":196,"column":36},"end":{"line":290,"column":3}},"line":196},"9":{"name":"(anonymous_9)","decl":{"start":{"line":260,"column":13},"end":{"line":260,"column":14}},"loc":{"start":{"line":260,"column":27},"end":{"line":262,"column":7}},"line":260},"10":{"name":"(anonymous_10)","decl":{"start":{"line":282,"column":15},"end":{"line":282,"column":16}},"loc":{"start":{"line":282,"column":27},"end":{"line":284,"column":7}},"line":282},"11":{"name":"(anonymous_11)","decl":{"start":{"line":292,"column":12},"end":{"line":292,"column":13}},"loc":{"start":{"line":292,"column":18},"end":{"line":299,"column":3}},"line":292},"12":{"name":"(anonymous_12)","decl":{"start":{"line":293,"column":24},"end":{"line":293,"column":25}},"loc":{"start":{"line":293,"column":36},"end":{"line":296,"column":5}},"line":293},"13":{"name":"(anonymous_13)","decl":{"start":{"line":330,"column":28},"end":{"line":330,"column":29}},"loc":{"start":{"line":331,"column":14},"end":{"line":333,"column":23}},"line":331},"14":{"name":"(anonymous_14)","decl":{"start":{"line":386,"column":24},"end":{"line":386,"column":25}},"loc":{"start":{"line":387,"column":14},"end":{"line":389,"column":23}},"line":387}},"branchMap":{"0":{"loc":{"start":{"line":154,"column":2},"end":{"line":183,"column":3}},"type":"if","locations":[{"start":{"line":154,"column":2},"end":{"line":183,"column":3}},{"start":{"line":169,"column":9},"end":{"line":183,"column":3}}],"line":154},"1":{"loc":{"start":{"line":156,"column":4},"end":{"line":168,"column":5}},"type":"if","locations":[{"start":{"line":156,"column":4},"end":{"line":168,"column":5}},{"start":{"line":162,"column":11},"end":{"line":168,"column":5}}],"line":156},"2":{"loc":{"start":{"line":169,"column":9},"end":{"line":183,"column":3}},"type":"if","locations":[{"start":{"line":169,"column":9},"end":{"line":183,"column":3}},{"start":{"line":178,"column":9},"end":{"line":183,"column":3}}],"line":169},"3":{"loc":{"start":{"line":169,"column":13},"end":{"line":169,"column":71}},"type":"binary-expr","locations":[{"start":{"line":169,"column":13},"end":{"line":169,"column":42}},{"start":{"line":169,"column":46},"end":{"line":169,"column":71}}],"line":169},"4":{"loc":{"start":{"line":170,"column":23},"end":{"line":170,"column":72}},"type":"cond-expr","locations":[{"start":{"line":170,"column":55},"end":{"line":170,"column":64}},{"start":{"line":170,"column":67},"end":{"line":170,"column":72}}],"line":170},"5":{"loc":{"start":{"line":240,"column":14},"end":{"line":240,"column":49}},"type":"cond-expr","locations":[{"start":{"line":240,"column":34},"end":{"line":240,"column":40}},{"start":{"line":240,"column":43},"end":{"line":240,"column":49}}],"line":240},"6":{"loc":{"start":{"line":242,"column":19},"end":{"line":242,"column":78}},"type":"cond-expr","locations":[{"start":{"line":242,"column":42},"end":{"line":242,"column":74}},{"start":{"line":242,"column":77},"end":{"line":242,"column":78}}],"line":242},"7":{"loc":{"start":{"line":243,"column":15},"end":{"line":243,"column":66}},"type":"cond-expr","locations":[{"start":{"line":243,"column":34},"end":{"line":243,"column":62}},{"start":{"line":243,"column":65},"end":{"line":243,"column":66}}],"line":243},"8":{"loc":{"start":{"line":446,"column":11},"end":{"line":446,"column":75}},"type":"binary-expr","locations":[{"start":{"line":446,"column":11},"end":{"line":446,"column":19}},{"start":{"line":446,"column":23},"end":{"line":446,"column":75}}],"line":446},"9":{"loc":{"start":{"line":457,"column":9},"end":{"line":479,"column":9}},"type":"binary-expr","locations":[{"start":{"line":457,"column":9},"end":{"line":457,"column":35}},{"start":{"line":458,"column":10},"end":{"line":478,"column":13}}],"line":457}},"s":{"0":1,"1":1,"2":1,"3":1,"4":1,"5":1,"6":1,"7":1,"8":1,"9":1,"10":8,"11":8,"12":8,"13":8,"14":8,"15":0,"16":8,"17":1,"18":41,"19":40,"20":40,"21":40,"22":40,"23":26,"24":26,"25":0,"26":0,"27":0,"28":0,"29":0,"30":26,"31":0,"32":0,"33":26,"34":40,"35":1,"36":1,"37":40,"38":1,"39":1,"40":1,"41":1,"42":1,"43":0,"44":0,"45":1,"46":1,"47":1,"48":1,"49":1,"50":1,"51":1,"52":1,"53":1,"54":0,"55":0,"56":0,"57":0,"58":0,"59":0,"60":0,"61":0,"62":1,"63":40,"64":8,"65":8,"66":8,"67":8,"68":40,"69":480,"70":64},"f":{"0":8,"1":8,"2":8,"3":0,"4":41,"5":26,"6":0,"7":1,"8":1,"9":0,"10":0,"11":8,"12":8,"13":480,"14":64},"b":{"0":[0,26],"1":[0,0],"2":[0,26],"3":[26,26],"4":[0,0],"5":[0,1],"6":[0,1],"7":[0,1],"8":[40,0],"9":[40,0]},"_coverageSchema":"1a1c01bbd47fc00a2c39e90264f33305004495a9","hash":"35236fc2ee74e3e935a592d80d59c808574e67f6"}
,"/home/thapelo/Pictures/eWits/client/src/components/favouriteEvents.js": {"path":"/home/thapelo/Pictures/eWits/client/src/components/favouriteEvents.js","statementMap":{"0":{"start":{"line":6,"column":4},"end":{"line":6,"column":28}},"1":{"start":{"line":7,"column":4},"end":{"line":7,"column":28}},"2":{"start":{"line":9,"column":23},"end":{"line":12,"column":5}},"3":{"start":{"line":14,"column":23},"end":{"line":14,"column":64}},"4":{"start":{"line":15,"column":25},"end":{"line":15,"column":68}},"5":{"start":{"line":16,"column":21},"end":{"line":16,"column":62}},"6":{"start":{"line":17,"column":23},"end":{"line":17,"column":66}},"7":{"start":{"line":19,"column":17},"end":{"line":19,"column":76}},"8":{"start":{"line":20,"column":17},"end":{"line":20,"column":92}},"9":{"start":{"line":22,"column":4},"end":{"line":22,"column":24}},"10":{"start":{"line":25,"column":24},"end":{"line":53,"column":1}},"11":{"start":{"line":27,"column":27},"end":{"line":48,"column":5}},"12":{"start":{"line":28,"column":21},"end":{"line":28,"column":63}},"13":{"start":{"line":29,"column":23},"end":{"line":29,"column":25}},"14":{"start":{"line":30,"column":8},"end":{"line":30,"column":28}},"15":{"start":{"line":31,"column":21},"end":{"line":31,"column":65}},"16":{"start":{"line":32,"column":8},"end":{"line":46,"column":9}},"17":{"start":{"line":32,"column":21},"end":{"line":32,"column":22}},"18":{"start":{"line":33,"column":26},"end":{"line":41,"column":13}},"19":{"start":{"line":43,"column":12},"end":{"line":45,"column":13}},"20":{"start":{"line":44,"column":16},"end":{"line":44,"column":35}},"21":{"start":{"line":47,"column":8},"end":{"line":47,"column":22}},"22":{"start":{"line":50,"column":4},"end":{"line":52,"column":6}}},"fnMap":{"0":{"name":"stringifyDate","decl":{"start":{"line":5,"column":9},"end":{"line":5,"column":22}},"loc":{"start":{"line":5,"column":37},"end":{"line":23,"column":1}},"line":5},"1":{"name":"(anonymous_1)","decl":{"start":{"line":25,"column":24},"end":{"line":25,"column":25}},"loc":{"start":{"line":25,"column":30},"end":{"line":53,"column":1}},"line":25},"2":{"name":"(anonymous_2)","decl":{"start":{"line":27,"column":27},"end":{"line":27,"column":28}},"loc":{"start":{"line":27,"column":39},"end":{"line":48,"column":5}},"line":27}},"branchMap":{"0":{"loc":{"start":{"line":43,"column":12},"end":{"line":45,"column":13}},"type":"if","locations":[{"start":{"line":43,"column":12},"end":{"line":45,"column":13}},{"start":{},"end":{}}],"line":43}},"s":{"0":32,"1":32,"2":32,"3":32,"4":32,"5":32,"6":32,"7":32,"8":32,"9":32,"10":1,"11":11,"12":10,"13":10,"14":10,"15":9,"16":9,"17":9,"18":16,"19":16,"20":7,"21":8,"22":11},"f":{"0":32,"1":11,"2":10},"b":{"0":[7,8]},"_coverageSchema":"1a1c01bbd47fc00a2c39e90264f33305004495a9","hash":"9cf7a9b7ff80562124003e9b1bd0be520b3e215b"}
,"/home/thapelo/Pictures/eWits/client/src/components/filteredEvents.js": {"path":"/home/thapelo/Pictures/eWits/client/src/components/filteredEvents.js","statementMap":{"0":{"start":{"line":6,"column":4},"end":{"line":6,"column":28}},"1":{"start":{"line":7,"column":4},"end":{"line":7,"column":28}},"2":{"start":{"line":9,"column":23},"end":{"line":12,"column":5}},"3":{"start":{"line":14,"column":23},"end":{"line":14,"column":64}},"4":{"start":{"line":15,"column":25},"end":{"line":15,"column":68}},"5":{"start":{"line":16,"column":21},"end":{"line":16,"column":62}},"6":{"start":{"line":17,"column":23},"end":{"line":17,"column":66}},"7":{"start":{"line":19,"column":17},"end":{"line":19,"column":76}},"8":{"start":{"line":20,"column":17},"end":{"line":20,"column":92}},"9":{"start":{"line":22,"column":4},"end":{"line":22,"column":24}},"10":{"start":{"line":25,"column":23},"end":{"line":52,"column":1}},"11":{"start":{"line":26,"column":27},"end":{"line":47,"column":5}},"12":{"start":{"line":27,"column":23},"end":{"line":27,"column":25}},"13":{"start":{"line":28,"column":8},"end":{"line":28,"column":28}},"14":{"start":{"line":29,"column":21},"end":{"line":29,"column":65}},"15":{"start":{"line":30,"column":8},"end":{"line":45,"column":9}},"16":{"start":{"line":30,"column":21},"end":{"line":30,"column":22}},"17":{"start":{"line":31,"column":26},"end":{"line":40,"column":13}},"18":{"start":{"line":42,"column":12},"end":{"line":44,"column":13}},"19":{"start":{"line":43,"column":16},"end":{"line":43,"column":35}},"20":{"start":{"line":46,"column":8},"end":{"line":46,"column":22}},"21":{"start":{"line":49,"column":4},"end":{"line":51,"column":6}}},"fnMap":{"0":{"name":"stringifyDate","decl":{"start":{"line":5,"column":9},"end":{"line":5,"column":22}},"loc":{"start":{"line":5,"column":37},"end":{"line":23,"column":1}},"line":5},"1":{"name":"(anonymous_1)","decl":{"start":{"line":25,"column":23},"end":{"line":25,"column":24}},"loc":{"start":{"line":25,"column":35},"end":{"line":52,"column":1}},"line":25},"2":{"name":"(anonymous_2)","decl":{"start":{"line":26,"column":27},"end":{"line":26,"column":28}},"loc":{"start":{"line":26,"column":39},"end":{"line":47,"column":5}},"line":26}},"branchMap":{"0":{"loc":{"start":{"line":42,"column":12},"end":{"line":44,"column":13}},"type":"if","locations":[{"start":{"line":42,"column":12},"end":{"line":44,"column":13}},{"start":{},"end":{}}],"line":42}},"s":{"0":0,"1":0,"2":0,"3":0,"4":0,"5":0,"6":0,"7":0,"8":0,"9":0,"10":0,"11":0,"12":0,"13":0,"14":0,"15":0,"16":0,"17":0,"18":0,"19":0,"20":0,"21":0},"f":{"0":0,"1":0,"2":0},"b":{"0":[0,0]}}
,"/home/thapelo/Pictures/eWits/client/src/components/landingEvents.js": {"path":"/home/thapelo/Pictures/eWits/client/src/components/landingEvents.js","statementMap":{"0":{"start":{"line":8,"column":4},"end":{"line":8,"column":28}},"1":{"start":{"line":9,"column":4},"end":{"line":9,"column":28}},"2":{"start":{"line":11,"column":23},"end":{"line":14,"column":5}},"3":{"start":{"line":16,"column":23},"end":{"line":16,"column":64}},"4":{"start":{"line":17,"column":25},"end":{"line":17,"column":68}},"5":{"start":{"line":18,"column":21},"end":{"line":18,"column":62}},"6":{"start":{"line":19,"column":23},"end":{"line":19,"column":66}},"7":{"start":{"line":21,"column":17},"end":{"line":21,"column":76}},"8":{"start":{"line":22,"column":17},"end":{"line":22,"column":92}},"9":{"start":{"line":24,"column":4},"end":{"line":24,"column":24}},"10":{"start":{"line":27,"column":22},"end":{"line":58,"column":1}},"11":{"start":{"line":28,"column":19},"end":{"line":28,"column":21}},"12":{"start":{"line":29,"column":4},"end":{"line":56,"column":68}},"13":{"start":{"line":35,"column":21},"end":{"line":35,"column":34}},"14":{"start":{"line":36,"column":8},"end":{"line":54,"column":9}},"15":{"start":{"line":36,"column":21},"end":{"line":36,"column":22}},"16":{"start":{"line":37,"column":26},"end":{"line":45,"column":13}},"17":{"start":{"line":47,"column":33},"end":{"line":47,"column":43}},"18":{"start":{"line":48,"column":31},"end":{"line":48,"column":59}},"19":{"start":{"line":50,"column":12},"end":{"line":53,"column":13}},"20":{"start":{"line":52,"column":16},"end":{"line":52,"column":35}},"21":{"start":{"line":56,"column":20},"end":{"line":56,"column":66}},"22":{"start":{"line":57,"column":4},"end":{"line":57,"column":18}},"23":{"start":{"line":60,"column":22},"end":{"line":91,"column":1}},"24":{"start":{"line":61,"column":32},"end":{"line":61,"column":44}},"25":{"start":{"line":63,"column":4},"end":{"line":87,"column":11}},"26":{"start":{"line":64,"column":28},"end":{"line":72,"column":9}},"27":{"start":{"line":65,"column":12},"end":{"line":71,"column":13}},"28":{"start":{"line":66,"column":35},"end":{"line":66,"column":56}},"29":{"start":{"line":67,"column":16},"end":{"line":67,"column":38}},"30":{"start":{"line":68,"column":16},"end":{"line":68,"column":84}},"31":{"start":{"line":70,"column":16},"end":{"line":70,"column":63}},"32":{"start":{"line":74,"column":31},"end":{"line":74,"column":82}},"33":{"start":{"line":76,"column":8},"end":{"line":78,"column":9}},"34":{"start":{"line":77,"column":12},"end":{"line":77,"column":56}},"35":{"start":{"line":80,"column":29},"end":{"line":80,"column":69}},"36":{"start":{"line":82,"column":8},"end":{"line":86,"column":9}},"37":{"start":{"line":83,"column":12},"end":{"line":83,"column":48}},"38":{"start":{"line":85,"column":12},"end":{"line":85,"column":26}},"39":{"start":{"line":90,"column":4},"end":{"line":90,"column":18}}},"fnMap":{"0":{"name":"stringifyDate","decl":{"start":{"line":7,"column":9},"end":{"line":7,"column":22}},"loc":{"start":{"line":7,"column":37},"end":{"line":25,"column":1}},"line":7},"1":{"name":"(anonymous_1)","decl":{"start":{"line":27,"column":22},"end":{"line":27,"column":23}},"loc":{"start":{"line":27,"column":34},"end":{"line":58,"column":1}},"line":27},"2":{"name":"(anonymous_2)","decl":{"start":{"line":34,"column":10},"end":{"line":34,"column":11}},"loc":{"start":{"line":34,"column":22},"end":{"line":55,"column":5}},"line":34},"3":{"name":"(anonymous_3)","decl":{"start":{"line":56,"column":11},"end":{"line":56,"column":12}},"loc":{"start":{"line":56,"column":20},"end":{"line":56,"column":66}},"line":56},"4":{"name":"(anonymous_4)","decl":{"start":{"line":60,"column":22},"end":{"line":60,"column":23}},"loc":{"start":{"line":60,"column":28},"end":{"line":91,"column":1}},"line":60},"5":{"name":"(anonymous_5)","decl":{"start":{"line":63,"column":14},"end":{"line":63,"column":15}},"loc":{"start":{"line":63,"column":20},"end":{"line":87,"column":5}},"line":63},"6":{"name":"(anonymous_6)","decl":{"start":{"line":64,"column":28},"end":{"line":64,"column":29}},"loc":{"start":{"line":64,"column":40},"end":{"line":72,"column":9}},"line":64}},"branchMap":{"0":{"loc":{"start":{"line":50,"column":12},"end":{"line":53,"column":13}},"type":"if","locations":[{"start":{"line":50,"column":12},"end":{"line":53,"column":13}},{"start":{},"end":{}}],"line":50},"1":{"loc":{"start":{"line":76,"column":8},"end":{"line":78,"column":9}},"type":"if","locations":[{"start":{"line":76,"column":8},"end":{"line":78,"column":9}},{"start":{},"end":{}}],"line":76},"2":{"loc":{"start":{"line":82,"column":8},"end":{"line":86,"column":9}},"type":"if","locations":[{"start":{"line":82,"column":8},"end":{"line":86,"column":9}},{"start":{"line":84,"column":15},"end":{"line":86,"column":9}}],"line":82}},"s":{"0":0,"1":0,"2":0,"3":0,"4":0,"5":0,"6":0,"7":0,"8":0,"9":0,"10":1,"11":0,"12":0,"13":0,"14":0,"15":0,"16":0,"17":0,"18":0,"19":0,"20":0,"21":0,"22":0,"23":1,"24":0,"25":0,"26":0,"27":0,"28":0,"29":0,"30":0,"31":0,"32":0,"33":0,"34":0,"35":0,"36":0,"37":0,"38":0,"39":0},"f":{"0":0,"1":0,"2":0,"3":0,"4":0,"5":0,"6":0},"b":{"0":[0,0],"1":[0,0],"2":[0,0]},"_coverageSchema":"1a1c01bbd47fc00a2c39e90264f33305004495a9","hash":"ef31e2e3d171361d8fc03c3e0118b0544e09cda6"}
,"/home/thapelo/Pictures/eWits/client/src/components/likeButton.js": {"path":"/home/thapelo/Pictures/eWits/client/src/components/likeButton.js","statementMap":{"0":{"start":{"line":5,"column":19},"end":{"line":20,"column":1}},"1":{"start":{"line":6,"column":28},"end":{"line":6,"column":43}},"2":{"start":{"line":8,"column":21},"end":{"line":11,"column":3}},"3":{"start":{"line":9,"column":4},"end":{"line":9,"column":21}},"4":{"start":{"line":10,"column":4},"end":{"line":10,"column":23}},"5":{"start":{"line":13,"column":2},"end":{"line":19,"column":4}}},"fnMap":{"0":{"name":"(anonymous_0)","decl":{"start":{"line":5,"column":19},"end":{"line":5,"column":20}},"loc":{"start":{"line":5,"column":36},"end":{"line":20,"column":1}},"line":5},"1":{"name":"(anonymous_1)","decl":{"start":{"line":8,"column":21},"end":{"line":8,"column":22}},"loc":{"start":{"line":8,"column":27},"end":{"line":11,"column":3}},"line":8}},"branchMap":{"0":{"loc":{"start":{"line":17,"column":30},"end":{"line":17,"column":50}},"type":"cond-expr","locations":[{"start":{"line":17,"column":38},"end":{"line":17,"column":45}},{"start":{"line":17,"column":48},"end":{"line":17,"column":50}}],"line":17}},"s":{"0":1,"1":2,"2":2,"3":0,"4":0,"5":2},"f":{"0":2,"1":0},"b":{"0":[0,2]},"_coverageSchema":"1a1c01bbd47fc00a2c39e90264f33305004495a9","hash":"0b78e684dcd40e78c9d2b97e63dd426438bb6e0d"}
,"/home/thapelo/Pictures/eWits/client/src/components/login.js": {"path":"/home/thapelo/Pictures/eWits/client/src/components/login.js","statementMap":{"0":{"start":{"line":7,"column":17},"end":{"line":26,"column":1}},"1":{"start":{"line":8,"column":15},"end":{"line":13,"column":3}},"2":{"start":{"line":15,"column":2},"end":{"line":25,"column":3}},"3":{"start":{"line":16,"column":4},"end":{"line":22,"column":7}},"4":{"start":{"line":21,"column":6},"end":{"line":21,"column":68}},"5":{"start":{"line":24,"column":4},"end":{"line":24,"column":23}},"6":{"start":{"line":28,"column":15},"end":{"line":48,"column":1}},"7":{"start":{"line":29,"column":55},"end":{"line":29,"column":65}},"8":{"start":{"line":30,"column":19},"end":{"line":30,"column":32}},"9":{"start":{"line":31,"column":2},"end":{"line":40,"column":40}},"10":{"start":{"line":32,"column":24},"end":{"line":38,"column":5}},"11":{"start":{"line":33,"column":6},"end":{"line":37,"column":7}},"12":{"start":{"line":35,"column":8},"end":{"line":35,"column":46}},"13":{"start":{"line":36,"column":8},"end":{"line":36,"column":26}},"14":{"start":{"line":39,"column":4},"end":{"line":39,"column":18}},"15":{"start":{"line":41,"column":2},"end":{"line":46,"column":4}},"16":{"start":{"line":44,"column":29},"end":{"line":44,"column":48}}},"fnMap":{"0":{"name":"(anonymous_0)","decl":{"start":{"line":7,"column":17},"end":{"line":7,"column":18}},"loc":{"start":{"line":7,"column":40},"end":{"line":26,"column":1}},"line":7},"1":{"name":"(anonymous_1)","decl":{"start":{"line":20,"column":13},"end":{"line":20,"column":14}},"loc":{"start":{"line":20,"column":25},"end":{"line":22,"column":5}},"line":20},"2":{"name":"(anonymous_2)","decl":{"start":{"line":28,"column":15},"end":{"line":28,"column":16}},"loc":{"start":{"line":28,"column":21},"end":{"line":48,"column":1}},"line":28},"3":{"name":"(anonymous_3)","decl":{"start":{"line":31,"column":12},"end":{"line":31,"column":13}},"loc":{"start":{"line":31,"column":18},"end":{"line":40,"column":3}},"line":31},"4":{"name":"(anonymous_4)","decl":{"start":{"line":32,"column":24},"end":{"line":32,"column":25}},"loc":{"start":{"line":32,"column":36},"end":{"line":38,"column":5}},"line":32},"5":{"name":"(anonymous_5)","decl":{"start":{"line":44,"column":23},"end":{"line":44,"column":24}},"loc":{"start":{"line":44,"column":29},"end":{"line":44,"column":48}},"line":44}},"branchMap":{"0":{"loc":{"start":{"line":33,"column":6},"end":{"line":37,"column":7}},"type":"if","locations":[{"start":{"line":33,"column":6},"end":{"line":37,"column":7}},{"start":{},"end":{}}],"line":33}},"s":{"0":1,"1":3,"2":3,"3":3,"4":2,"5":1,"6":1,"7":5,"8":5,"9":5,"10":5,"11":5,"12":3,"13":3,"14":5,"15":5,"16":1},"f":{"0":3,"1":2,"2":5,"3":5,"4":5,"5":1},"b":{"0":[3,2]},"_coverageSchema":"1a1c01bbd47fc00a2c39e90264f33305004495a9","hash":"61249bece84e379bf2bb9675d29a2f467af19205"}
,"/home/thapelo/Pictures/eWits/client/src/components/logout.js": {"path":"/home/thapelo/Pictures/eWits/client/src/components/logout.js","statementMap":{"0":{"start":{"line":5,"column":15},"end":{"line":13,"column":1}},"1":{"start":{"line":6,"column":21},"end":{"line":6,"column":31}},"2":{"start":{"line":7,"column":19},"end":{"line":7,"column":32}},"3":{"start":{"line":9,"column":2},"end":{"line":11,"column":15}},"4":{"start":{"line":10,"column":4},"end":{"line":10,"column":63}},"5":{"start":{"line":12,"column":2},"end":{"line":12,"column":35}}},"fnMap":{"0":{"name":"(anonymous_0)","decl":{"start":{"line":5,"column":15},"end":{"line":5,"column":16}},"loc":{"start":{"line":5,"column":21},"end":{"line":13,"column":1}},"line":5},"1":{"name":"(anonymous_1)","decl":{"start":{"line":9,"column":12},"end":{"line":9,"column":13}},"loc":{"start":{"line":9,"column":18},"end":{"line":11,"column":3}},"line":9}},"branchMap":{},"s":{"0":1,"1":2,"2":2,"3":2,"4":2,"5":2},"f":{"0":2,"1":2},"b":{},"_coverageSchema":"1a1c01bbd47fc00a2c39e90264f33305004495a9","hash":"ef6e4a14ef3c92c08178788b9f56fab76d4e00da"}
,"/home/thapelo/Pictures/eWits/client/src/components/search.js": {"path":"/home/thapelo/Pictures/eWits/client/src/components/search.js","statementMap":{},"fnMap":{},"branchMap":{},"s":{},"f":{},"b":{}}
,"/home/thapelo/Pictures/eWits/client/src/components/searchBar.js": {"path":"/home/thapelo/Pictures/eWits/client/src/components/searchBar.js","statementMap":{"0":{"start":{"line":4,"column":24},"end":{"line":9,"column":1}},"1":{"start":{"line":11,"column":20},"end":{"line":21,"column":1}},"2":{"start":{"line":23,"column":18},"end":{"line":34,"column":1}},"3":{"start":{"line":24,"column":2},"end":{"line":33,"column":4}},"4":{"start":{"line":30,"column":25},"end":{"line":30,"column":49}}},"fnMap":{"0":{"name":"(anonymous_0)","decl":{"start":{"line":23,"column":18},"end":{"line":23,"column":19}},"loc":{"start":{"line":23,"column":43},"end":{"line":34,"column":1}},"line":23},"1":{"name":"(anonymous_1)","decl":{"start":{"line":30,"column":18},"end":{"line":30,"column":19}},"loc":{"start":{"line":30,"column":25},"end":{"line":30,"column":49}},"line":30}},"branchMap":{},"s":{"0":1,"1":1,"2":1,"3":3,"4":1},"f":{"0":3,"1":1},"b":{},"_coverageSchema":"1a1c01bbd47fc00a2c39e90264f33305004495a9","hash":"01477270fa73ac6e3074b894122f8d0ee4e6d61a"}
,"/home/thapelo/Pictures/eWits/client/src/components/sidebar.js": {"path":"/home/thapelo/Pictures/eWits/client/src/components/sidebar.js","statementMap":{"0":{"start":{"line":8,"column":16},"end":{"line":55,"column":1}},"1":{"start":{"line":10,"column":19},"end":{"line":10,"column":32}},"2":{"start":{"line":12,"column":23},"end":{"line":15,"column":3}},"3":{"start":{"line":14,"column":4},"end":{"line":14,"column":24}},"4":{"start":{"line":17,"column":2},"end":{"line":54,"column":4}}},"fnMap":{"0":{"name":"(anonymous_0)","decl":{"start":{"line":8,"column":16},"end":{"line":8,"column":17}},"loc":{"start":{"line":8,"column":22},"end":{"line":55,"column":1}},"line":8},"1":{"name":"(anonymous_1)","decl":{"start":{"line":12,"column":23},"end":{"line":12,"column":24}},"loc":{"start":{"line":12,"column":29},"end":{"line":15,"column":3}},"line":12}},"branchMap":{},"s":{"0":1,"1":3,"2":3,"3":1,"4":3},"f":{"0":3,"1":1},"b":{},"_coverageSchema":"1a1c01bbd47fc00a2c39e90264f33305004495a9","hash":"8dee069b687b95a6b3044bb1a8b384b72d67e196"}
,"/home/thapelo/Pictures/eWits/client/src/components/upcomingEvents.js": {"path":"/home/thapelo/Pictures/eWits/client/src/components/upcomingEvents.js","statementMap":{"0":{"start":{"line":6,"column":4},"end":{"line":6,"column":28}},"1":{"start":{"line":7,"column":4},"end":{"line":7,"column":28}},"2":{"start":{"line":9,"column":23},"end":{"line":12,"column":5}},"3":{"start":{"line":14,"column":23},"end":{"line":14,"column":64}},"4":{"start":{"line":15,"column":25},"end":{"line":15,"column":68}},"5":{"start":{"line":16,"column":21},"end":{"line":16,"column":62}},"6":{"start":{"line":17,"column":23},"end":{"line":17,"column":66}},"7":{"start":{"line":19,"column":17},"end":{"line":19,"column":76}},"8":{"start":{"line":20,"column":17},"end":{"line":20,"column":92}},"9":{"start":{"line":22,"column":4},"end":{"line":22,"column":24}},"10":{"start":{"line":25,"column":23},"end":{"line":54,"column":1}},"11":{"start":{"line":26,"column":27},"end":{"line":49,"column":5}},"12":{"start":{"line":27,"column":23},"end":{"line":27,"column":25}},"13":{"start":{"line":28,"column":8},"end":{"line":28,"column":28}},"14":{"start":{"line":29,"column":21},"end":{"line":29,"column":65}},"15":{"start":{"line":30,"column":8},"end":{"line":47,"column":9}},"16":{"start":{"line":30,"column":21},"end":{"line":30,"column":22}},"17":{"start":{"line":31,"column":26},"end":{"line":39,"column":13}},"18":{"start":{"line":41,"column":33},"end":{"line":41,"column":43}},"19":{"start":{"line":42,"column":31},"end":{"line":42,"column":59}},"20":{"start":{"line":44,"column":12},"end":{"line":46,"column":13}},"21":{"start":{"line":45,"column":16},"end":{"line":45,"column":35}},"22":{"start":{"line":48,"column":8},"end":{"line":48,"column":22}},"23":{"start":{"line":51,"column":4},"end":{"line":53,"column":6}}},"fnMap":{"0":{"name":"stringifyDate","decl":{"start":{"line":5,"column":9},"end":{"line":5,"column":22}},"loc":{"start":{"line":5,"column":37},"end":{"line":23,"column":1}},"line":5},"1":{"name":"(anonymous_1)","decl":{"start":{"line":25,"column":23},"end":{"line":25,"column":24}},"loc":{"start":{"line":25,"column":29},"end":{"line":54,"column":1}},"line":25},"2":{"name":"(anonymous_2)","decl":{"start":{"line":26,"column":27},"end":{"line":26,"column":28}},"loc":{"start":{"line":26,"column":39},"end":{"line":49,"column":5}},"line":26}},"branchMap":{"0":{"loc":{"start":{"line":44,"column":12},"end":{"line":46,"column":13}},"type":"if","locations":[{"start":{"line":44,"column":12},"end":{"line":46,"column":13}},{"start":{},"end":{}}],"line":44}},"s":{"0":0,"1":0,"2":0,"3":0,"4":0,"5":0,"6":0,"7":0,"8":0,"9":0,"10":3,"11":5,"12":0,"13":0,"14":0,"15":0,"16":0,"17":0,"18":0,"19":0,"20":0,"21":0,"22":0,"23":5},"f":{"0":0,"1":5,"2":0},"b":{"0":[0,0]},"_coverageSchema":"1a1c01bbd47fc00a2c39e90264f33305004495a9","hash":"8597a74cb3dc539070265f1e4ca24801ac85634a"}
}
