TN:
SF:src\Pages\EventDetails\EventDetails.js
FN:5,(anonymous_0)
FNF:1
FNH:0
FNDA:0,(anonymous_0)
DA:5,0
DA:6,0
LF:2
LH:0
BRF:0
BRH:0
end_of_record
TN:
SF:src\Pages\Landing\Landing.js
FN:15,(anonymous_0)
FN:55,(anonymous_1)
FNF:2
FNH:2
FNDA:5,(anonymous_0)
FNDA:10,(anonymous_1)
DA:15,1
DA:16,5
DA:18,5
DA:56,10
LF:4
LH:4
BRF:0
BRH:0
end_of_record
TN:
SF:src\Pages\NoPage\NoPage.js
FN:54,(anonymous_0)
FN:60,(anonymous_1)
FNF:2
FNH:2
FNDA:2,(anonymous_0)
FNDA:1,(anonymous_1)
DA:5,1
DA:16,1
DA:25,1
DA:31,1
DA:37,1
DA:54,1
DA:55,2
DA:60,1
LF:8
LH:8
BRF:0
BRH:0
end_of_record
TN:
SF:src\components\eventDetails.js
FNF:0
FNH:0
LF:0
LH:0
BRF:0
BRH:0
end_of_record
TN:
SF:src\components\sidebar.js
FN:8,(anonymous_0)
FN:12,(anonymous_1)
FNF:2
FNH:0
FNDA:0,(anonymous_0)
FNDA:0,(anonymous_1)
DA:8,0
DA:10,0
DA:12,0
DA:14,0
DA:17,0
LF:5
LH:0
BRF:0
BRH:0
end_of_record
